TN:
SF:packages/compiler-core/src/ast.ts
FN:534,createRoot
FN:553,createVNodeCall
FN:591,createArrayExpression
FN:602,createObjectExpression
FN:613,createObjectProperty
FN:625,createSimpleExpression
FN:640,createInterpolation
FN:653,createCompoundExpression
FN:668,createCallExpression
FN:681,createFunctionExpression
FN:698,createConditionalExpression
FN:714,createCacheExpression
FN:728,createBlockStatement
FN:738,createTemplateLiteral
FN:748,createIfStatement
FN:762,createAssignmentExpression
FN:774,createSequenceExpression
FN:784,createReturnStatement
FNF:18
FNH:18
FNDA:726,createRoot
FNDA:812,createVNodeCall
FNDA:86,createArrayExpression
FNDA:479,createObjectExpression
FNDA:751,createObjectProperty
FNDA:1740,createSimpleExpression
FNDA:4,createInterpolation
FNDA:158,createCompoundExpression
FNDA:629,createCallExpression
FNDA:195,createFunctionExpression
FNDA:85,createConditionalExpression
FNDA:17,createCacheExpression
FNDA:194,createBlockStatement
FNDA:316,createTemplateLiteral
FNDA:35,createIfStatement
FNDA:5,createAssignmentExpression
FNDA:2,createSequenceExpression
FNDA:13,createReturnStatement
DA:1,44
DA:3,44
DA:528,44
DA:534,44
DA:538,726
DA:553,44
DA:565,812
DA:566,802
DA:567,132
DA:568,132
DA:570,670
DA:572,802
DA:573,29
DA:577,812
DA:591,44
DA:595,86
DA:602,44
DA:606,479
DA:613,44
DA:617,751
DA:625,44
DA:631,1740
DA:640,44
DA:644,4
DA:653,44
DA:657,158
DA:668,44
DA:673,629
DA:681,44
DA:688,195
DA:698,44
DA:704,85
DA:714,44
DA:719,17
DA:728,44
DA:731,194
DA:738,44
DA:741,316
DA:748,44
DA:753,35
DA:762,44
DA:766,5
DA:774,44
DA:777,2
DA:784,44
DA:787,13
LF:46
LH:46
BRDA:536,0,0,18
BRDA:561,1,0,7
BRDA:562,2,0,36
BRDA:563,3,0,37
BRDA:565,4,0,802
BRDA:565,4,1,10
BRDA:566,5,0,132
BRDA:566,5,1,670
BRDA:572,6,0,29
BRDA:572,6,1,773
BRDA:593,7,0,47
BRDA:604,8,0,98
BRDA:620,9,0,296
BRDA:620,9,1,455
BRDA:628,10,0,717
BRDA:629,11,0,1370
BRDA:636,12,0,816
BRDA:636,12,1,924
BRDA:648,13,0,1
BRDA:648,13,1,3
BRDA:655,14,0,60
BRDA:670,15,0,158
BRDA:671,16,0,579
BRDA:683,17,0,51
BRDA:684,18,0,30
BRDA:685,19,0,103
BRDA:686,20,0,103
BRDA:702,21,0,71
BRDA:717,22,0,1
BRF:29
BRH:29
end_of_record
TN:
SF:packages/compiler-core/src/codegen.ts
FN:90,createCodegenContext
FN:122,(anonymous_1)
FN:125,(anonymous_2)
FN:144,(anonymous_3)
FN:147,(anonymous_4)
FN:154,(anonymous_5)
FN:159,newline
FN:163,addMapping
FN:187,generate
FN:232,(anonymous_9)
FN:257,(anonymous_10)
FN:326,genFunctionPreamble
FN:339,(anonymous_12)
FN:363,(anonymous_13)
FN:384,genModulePreamble
FN:416,(anonymous_15)
FN:421,(anonymous_16)
FN:427,(anonymous_17)
FN:436,(anonymous_18)
FN:466,genAssets
FN:496,genHoists
FN:512,(anonymous_21)
FN:527,genImports
FN:531,(anonymous_23)
FN:539,isText
FN:549,genNodeListAsArray
FN:555,(anonymous_26)
FN:563,genNodeList
FN:590,genNode
FN:686,genText
FN:693,genExpression
FN:698,genInterpolation
FN:706,genCompoundExpression
FN:720,genExpressionAsPropertyKey
FN:740,genComment
FN:748,genVNodeCall
FN:785,genNullableArgs
FN:790,(anonymous_37)
FN:794,genCallExpression
FN:805,genObjectExpression
FN:815,(anonymous_40)
FN:835,genArrayExpression
FN:839,genFunctionExpression
FN:888,genConditionalExpression
FN:924,genCacheExpression
FN:945,genTemplateLiteral
FN:965,genIfStatement
FN:989,genAssignmentExpression
FN:998,genSequenceExpression
FN:1007,genReturnStatement
FNF:50
FNH:49
FNDA:298,createCodegenContext
FNDA:1144,(anonymous_1)
FNDA:14900,(anonymous_2)
FNDA:988,(anonymous_3)
FNDA:988,(anonymous_4)
FNDA:956,(anonymous_5)
FNDA:2887,newline
FNDA:150,addMapping
FNDA:297,generate
FNDA:0,(anonymous_9)
FNDA:396,(anonymous_10)
FNDA:262,genFunctionPreamble
FNDA:369,(anonymous_12)
FNDA:76,(anonymous_13)
FNDA:35,genModulePreamble
FNDA:2,(anonymous_15)
FNDA:2,(anonymous_16)
FNDA:101,(anonymous_17)
FNDA:4,(anonymous_18)
FNDA:46,genAssets
FNDA:297,genHoists
FNDA:80,(anonymous_21)
FNDA:6,genImports
FNDA:10,(anonymous_23)
FNDA:230,isText
FNDA:211,genNodeListAsArray
FNDA:230,(anonymous_26)
FNDA:1370,genNodeList
FNDA:3371,genNode
FNDA:103,genText
FNDA:1011,genExpression
FNDA:62,genInterpolation
FNDA:103,genCompoundExpression
FNDA:416,genExpressionAsPropertyKey
FNDA:3,genComment
FNDA:407,genVNodeCall
FNDA:407,genNullableArgs
FNDA:1232,(anonymous_37)
FNDA:487,genCallExpression
FNDA:289,genObjectExpression
FNDA:178,(anonymous_40)
FNDA:57,genArrayExpression
FNDA:113,genFunctionExpression
FNDA:59,genConditionalExpression
FNDA:8,genCacheExpression
FNDA:146,genTemplateLiteral
FNDA:35,genIfStatement
FNDA:5,genAssignmentExpression
FNDA:2,genSequenceExpression
FNDA:13,genReturnStatement
DA:2,42
DA:29,42
DA:30,42
DA:36,42
DA:37,42
DA:58,42
DA:59,42
DA:104,298
DA:123,1144
DA:126,14900
DA:127,14900
DA:128,421
DA:130,87
DA:131,33
DA:132,33
DA:133,8
DA:136,87
DA:138,421
DA:139,421
DA:140,63
DA:145,988
DA:148,988
DA:149,45
DA:151,943
DA:155,956
DA:160,2887
DA:164,150
DA:178,298
DA:180,3
DA:181,3
DA:184,298
DA:187,42
DA:193,297
DA:194,297
DA:204,297
DA:206,297
DA:207,297
DA:208,297
DA:209,297
DA:214,297
DA:217,297
DA:218,35
DA:220,262
DA:224,297
DA:225,297
DA:226,297
DA:228,1
DA:231,297
DA:232,0
DA:235,297
DA:240,8
DA:242,297
DA:243,9
DA:245,288
DA:247,297
DA:249,297
DA:250,120
DA:251,120
DA:254,120
DA:255,94
DA:257,396
DA:260,94
DA:261,94
DA:266,297
DA:267,40
DA:268,40
DA:269,1
DA:272,297
DA:273,6
DA:274,6
DA:275,1
DA:278,297
DA:279,0
DA:280,0
DA:281,0
DA:284,297
DA:285,6
DA:286,6
DA:287,10
DA:290,297
DA:291,50
DA:292,50
DA:296,297
DA:297,178
DA:299,297
DA:300,295
DA:302,2
DA:305,297
DA:306,120
DA:307,120
DA:310,297
DA:311,297
DA:313,297
DA:314,8
DA:317,297
DA:334,262
DA:336,262
DA:339,369
DA:344,262
DA:345,154
DA:346,60
DA:352,94
DA:356,94
DA:357,19
DA:363,76
DA:366,19
DA:371,262
DA:373,107
DA:379,262
DA:380,262
DA:381,262
DA:397,35
DA:399,35
DA:400,8
DA:401,8
DA:402,1
DA:407,35
DA:408,28
DA:414,1
DA:416,2
DA:419,1
DA:421,2
DA:425,27
DA:427,101
DA:433,35
DA:434,4
DA:436,4
DA:441,35
DA:442,6
DA:443,6
DA:449,35
DA:450,8
DA:455,8
DA:458,35
DA:459,35
DA:461,35
DA:462,35
DA:471,46
DA:478,46
DA:479,52
DA:481,52
DA:482,52
DA:483,1
DA:485,52
DA:490,52
DA:491,6
DA:497,297
DA:498,258
DA:500,39
DA:501,39
DA:502,39
DA:503,39
DA:507,39
DA:508,1
DA:509,1
DA:512,39
DA:513,80
DA:514,72
DA:515,72
DA:516,72
DA:520,39
DA:521,1
DA:522,1
DA:524,39
DA:528,6
DA:529,0
DA:531,6
DA:532,10
DA:533,10
DA:534,10
DA:535,10
DA:540,230
DA:554,211
DA:555,230
DA:556,211
DA:557,211
DA:558,211
DA:559,211
DA:560,211
DA:569,1370
DA:570,1370
DA:571,2689
DA:572,2689
DA:573,992
DA:574,1697
DA:575,97
DA:577,1600
DA:579,2689
DA:580,1342
DA:581,180
DA:582,180
DA:584,1162
DA:591,3371
DA:592,0
DA:593,0
DA:595,3371
DA:596,67
DA:597,67
DA:599,3304
DA:603,244
DA:609,244
DA:610,244
DA:612,103
DA:613,103
DA:615,959
DA:616,959
DA:618,62
DA:619,62
DA:621,22
DA:622,22
DA:624,100
DA:625,100
DA:627,3
DA:628,3
DA:630,407
DA:631,407
DA:634,487
DA:635,487
DA:637,289
DA:638,289
DA:640,57
DA:641,57
DA:643,113
DA:644,113
DA:646,59
DA:647,59
DA:649,8
DA:650,8
DA:654,194
DA:655,194
DA:657,146
DA:658,146
DA:660,31
DA:661,31
DA:663,5
DA:664,5
DA:666,2
DA:667,2
DA:669,13
DA:670,13
DA:677,0
DA:678,0
DA:680,0
DA:681,0
DA:690,103
DA:694,1011
DA:695,1011
DA:699,62
DA:700,62
DA:701,62
DA:702,62
DA:703,62
DA:710,103
DA:711,344
DA:712,344
DA:713,187
DA:715,157
DA:724,416
DA:725,416
DA:726,3
DA:727,3
DA:728,3
DA:729,413
DA:731,403
DA:734,403
DA:736,10
DA:741,3
DA:742,3
DA:743,1
DA:745,3
DA:749,407
DA:759,407
DA:760,407
DA:761,19
DA:763,407
DA:764,219
DA:766,407
DA:767,76
DA:769,407
DA:770,407
DA:774,407
DA:775,407
DA:776,219
DA:778,407
DA:779,19
DA:780,19
DA:781,19
DA:786,407
DA:787,407
DA:788,1210
DA:790,1232
DA:795,487
DA:796,487
DA:797,487
DA:798,6
DA:800,487
DA:801,487
DA:802,487
DA:806,289
DA:807,289
DA:808,289
DA:809,0
DA:810,0
DA:813,289
DA:815,178
DA:816,289
DA:817,289
DA:818,289
DA:819,416
DA:821,416
DA:822,416
DA:824,416
DA:825,416
DA:827,127
DA:828,127
DA:831,289
DA:832,289
DA:836,57
DA:843,113
DA:844,113
DA:847,113
DA:849,113
DA:851,57
DA:853,113
DA:854,113
DA:855,69
DA:856,44
DA:857,13
DA:859,113
DA:860,113
DA:861,69
DA:862,69
DA:864,113
DA:865,75
DA:866,31
DA:868,75
DA:869,44
DA:871,31
DA:873,38
DA:874,38
DA:876,113
DA:877,69
DA:878,69
DA:880,113
DA:881,57
DA:882,0
DA:884,57
DA:892,59
DA:893,59
DA:894,59
DA:895,52
DA:896,52
DA:897,52
DA:898,52
DA:900,7
DA:901,7
DA:902,7
DA:904,59
DA:905,59
DA:906,59
DA:907,59
DA:908,59
DA:909,59
DA:910,59
DA:911,59
DA:912,59
DA:913,59
DA:914,59
DA:915,52
DA:917,59
DA:918,59
DA:919,52
DA:921,59
DA:925,8
DA:926,8
DA:927,8
DA:928,6
DA:929,6
DA:930,6
DA:932,8
DA:933,8
DA:934,8
DA:935,6
DA:936,6
DA:937,6
DA:938,6
DA:939,6
DA:940,6
DA:942,8
DA:946,146
DA:947,146
DA:948,146
DA:949,146
DA:950,146
DA:951,438
DA:952,438
DA:953,288
DA:955,150
DA:956,150
DA:957,150
DA:958,150
DA:959,150
DA:962,146
DA:966,35
DA:967,35
DA:968,35
DA:969,35
DA:970,35
DA:971,35
DA:972,35
DA:973,35
DA:974,35
DA:975,35
DA:976,33
DA:977,33
DA:978,4
DA:980,29
DA:981,29
DA:982,29
DA:983,29
DA:984,29
DA:993,5
DA:994,5
DA:995,5
DA:1002,2
DA:1003,2
DA:1004,2
DA:1011,13
DA:1012,13
DA:1013,13
DA:1015,0
LF:431
LH:416
BRDA:93,0,0,260
BRDA:94,1,0,128
BRDA:95,2,0,295
BRDA:96,3,0,295
BRDA:97,4,0,287
BRDA:98,5,0,297
BRDA:99,6,0,298
BRDA:100,7,0,298
BRDA:101,8,0,179
BRDA:127,9,0,421
BRDA:127,9,1,14479
BRDA:127,10,0,14900
BRDA:127,10,1,14900
BRDA:128,11,0,87
BRDA:128,11,1,334
BRDA:130,12,0,33
BRDA:130,12,1,54
BRDA:130,13,0,87
BRDA:130,13,1,48
BRDA:132,14,0,8
BRDA:132,14,1,25
BRDA:132,15,0,33
BRDA:132,15,1,8
BRDA:139,16,0,63
BRDA:139,16,1,358
BRDA:139,17,0,421
BRDA:139,17,1,87
BRDA:147,18,0,943
BRDA:148,19,0,45
BRDA:148,19,1,943
BRDA:178,20,0,3
BRDA:178,20,1,295
BRDA:178,21,0,298
BRDA:178,21,1,298
BRDA:191,22,0,103
BRDA:194,23,0,0
BRDA:194,23,1,297
BRDA:207,24,0,297
BRDA:207,24,1,120
BRDA:208,25,0,297
BRDA:208,25,1,297
BRDA:208,25,2,11
BRDA:209,26,0,297
BRDA:209,26,1,297
BRDA:215,27,0,1
BRDA:215,27,1,296
BRDA:217,28,0,35
BRDA:217,28,1,262
BRDA:217,29,0,297
BRDA:217,29,1,297
BRDA:224,30,0,119
BRDA:224,30,1,178
BRDA:225,31,0,119
BRDA:225,31,1,178
BRDA:226,32,0,1
BRDA:226,32,1,296
BRDA:226,33,0,297
BRDA:226,33,1,297
BRDA:226,33,2,2
BRDA:232,34,0,0
BRDA:232,34,1,297
BRDA:231,35,0,297
BRDA:231,35,1,297
BRDA:235,36,0,8
BRDA:235,36,1,289
BRDA:235,37,0,297
BRDA:235,37,1,8
BRDA:242,38,0,9
BRDA:242,38,1,288
BRDA:242,39,0,297
BRDA:242,39,1,296
BRDA:249,40,0,120
BRDA:249,40,1,177
BRDA:254,41,0,94
BRDA:254,41,1,26
BRDA:266,42,0,40
BRDA:266,42,1,257
BRDA:268,43,0,1
BRDA:268,43,1,39
BRDA:268,44,0,40
BRDA:268,44,1,39
BRDA:272,45,0,6
BRDA:272,45,1,291
BRDA:274,46,0,1
BRDA:274,46,1,5
BRDA:278,47,0,0
BRDA:278,47,1,297
BRDA:278,48,0,297
BRDA:278,48,1,297
BRDA:278,48,2,262
BRDA:284,49,0,6
BRDA:284,49,1,291
BRDA:287,50,0,4
BRDA:287,50,1,6
BRDA:290,51,0,50
BRDA:290,51,1,247
BRDA:290,52,0,297
BRDA:290,52,1,257
BRDA:290,52,2,252
BRDA:296,53,0,178
BRDA:296,53,1,119
BRDA:299,54,0,295
BRDA:299,54,1,2
BRDA:305,55,0,120
BRDA:305,55,1,177
BRDA:313,56,0,8
BRDA:313,56,1,289
BRDA:313,57,0,297
BRDA:313,57,1,8
BRDA:320,58,0,1
BRDA:320,58,1,296
BRDA:322,59,0,3
BRDA:322,59,1,294
BRDA:337,60,0,110
BRDA:337,60,1,152
BRDA:336,61,0,262
BRDA:336,61,1,262
BRDA:344,62,0,154
BRDA:344,62,1,108
BRDA:345,63,0,60
BRDA:345,63,1,94
BRDA:345,64,0,154
BRDA:345,64,1,154
BRDA:356,65,0,19
BRDA:356,65,1,75
BRDA:371,66,0,107
BRDA:371,66,1,155
BRDA:371,67,0,262
BRDA:371,67,1,262
BRDA:371,67,2,110
BRDA:399,68,0,8
BRDA:399,68,1,27
BRDA:401,69,0,1
BRDA:401,69,1,7
BRDA:407,70,0,28
BRDA:407,70,1,7
BRDA:408,71,0,1
BRDA:408,71,1,27
BRDA:433,72,0,4
BRDA:433,72,1,31
BRDA:433,73,0,35
BRDA:433,73,1,4
BRDA:441,74,0,6
BRDA:441,74,1,29
BRDA:449,75,0,8
BRDA:449,75,1,27
BRDA:461,76,0,35
BRDA:461,76,1,0
BRDA:473,77,0,0
BRDA:473,77,1,46
BRDA:472,78,0,46
BRDA:472,78,1,46
BRDA:475,79,0,40
BRDA:475,79,1,6
BRDA:482,80,0,1
BRDA:482,80,1,51
BRDA:487,81,0,1
BRDA:487,81,1,51
BRDA:490,82,0,6
BRDA:490,82,1,46
BRDA:497,83,0,258
BRDA:497,83,1,39
BRDA:502,84,0,39
BRDA:502,84,1,39
BRDA:502,84,2,1
BRDA:507,85,0,1
BRDA:507,85,1,38
BRDA:513,86,0,72
BRDA:513,86,1,8
BRDA:520,87,0,1
BRDA:520,87,1,38
BRDA:528,88,0,0
BRDA:528,88,1,6
BRDA:541,89,0,230
BRDA:541,89,1,210
BRDA:541,89,2,178
BRDA:541,89,3,163
BRDA:541,89,4,144
BRDA:554,90,0,211
BRDA:554,90,1,192
BRDA:554,90,2,0
BRDA:554,90,3,192
BRDA:555,91,0,230
BRDA:555,91,1,230
BRDA:557,92,0,211
BRDA:557,92,1,163
BRDA:559,93,0,211
BRDA:559,93,1,163
BRDA:566,94,0,965
BRDA:567,95,0,1176
BRDA:572,96,0,992
BRDA:572,96,1,1697
BRDA:574,97,0,97
BRDA:574,97,1,1600
BRDA:579,98,0,1342
BRDA:579,98,1,1347
BRDA:580,99,0,180
BRDA:580,99,1,1162
BRDA:581,100,0,180
BRDA:581,100,1,140
BRDA:584,101,0,1162
BRDA:584,101,1,1162
BRDA:591,102,0,0
BRDA:591,102,1,3371
BRDA:595,103,0,67
BRDA:595,103,1,3304
BRDA:600,104,0,188
BRDA:600,104,1,218
BRDA:600,104,2,244
BRDA:600,104,3,103
BRDA:600,104,4,959
BRDA:600,104,5,62
BRDA:600,104,6,22
BRDA:600,104,7,100
BRDA:600,104,8,3
BRDA:600,104,9,407
BRDA:600,104,10,487
BRDA:600,104,11,289
BRDA:600,104,12,57
BRDA:600,104,13,113
BRDA:600,104,14,59
BRDA:600,104,15,8
BRDA:600,104,16,194
BRDA:600,104,17,146
BRDA:600,104,18,31
BRDA:600,104,19,5
BRDA:600,104,20,2
BRDA:600,104,21,13
BRDA:600,104,22,0
BRDA:603,105,0,244
BRDA:603,105,1,244
BRDA:654,106,0,194
BRDA:654,106,1,194
BRDA:657,107,0,146
BRDA:657,107,1,146
BRDA:660,108,0,31
BRDA:660,108,1,31
BRDA:663,109,0,5
BRDA:663,109,1,5
BRDA:666,110,0,2
BRDA:666,110,1,2
BRDA:669,111,0,13
BRDA:669,111,1,13
BRDA:677,112,0,0
BRDA:677,112,1,0
BRDA:695,113,0,187
BRDA:695,113,1,824
BRDA:700,114,0,3
BRDA:700,114,1,59
BRDA:712,115,0,187
BRDA:712,115,1,157
BRDA:725,116,0,3
BRDA:725,116,1,413
BRDA:729,117,0,403
BRDA:729,117,1,10
BRDA:732,118,0,381
BRDA:732,118,1,22
BRDA:742,119,0,1
BRDA:742,119,1,2
BRDA:760,120,0,19
BRDA:760,120,1,388
BRDA:763,121,0,219
BRDA:763,121,1,188
BRDA:764,122,0,29
BRDA:764,122,1,190
BRDA:766,123,0,76
BRDA:766,123,1,331
BRDA:769,124,0,219
BRDA:769,124,1,188
BRDA:775,125,0,219
BRDA:775,125,1,188
BRDA:778,126,0,19
BRDA:778,126,1,388
BRDA:788,127,0,407
BRDA:788,127,1,803
BRDA:790,128,0,1232
BRDA:790,128,1,215
BRDA:796,129,0,188
BRDA:796,129,1,299
BRDA:797,130,0,6
BRDA:797,130,1,481
BRDA:808,131,0,0
BRDA:808,131,1,289
BRDA:813,132,0,289
BRDA:813,132,1,178
BRDA:813,132,2,0
BRDA:813,132,3,178
BRDA:816,133,0,127
BRDA:816,133,1,162
BRDA:817,134,0,289
BRDA:817,134,1,127
BRDA:825,135,0,127
BRDA:825,135,1,289
BRDA:831,136,0,289
BRDA:831,136,1,127
BRDA:832,137,0,127
BRDA:832,137,1,162
BRDA:847,138,0,113
BRDA:847,138,1,113
BRDA:847,138,2,57
BRDA:847,138,3,11
BRDA:849,139,0,57
BRDA:849,139,1,56
BRDA:851,140,0,10
BRDA:851,140,1,47
BRDA:854,141,0,69
BRDA:854,141,1,44
BRDA:856,142,0,13
BRDA:856,142,1,31
BRDA:860,143,0,69
BRDA:860,143,1,44
BRDA:860,144,0,113
BRDA:860,144,1,61
BRDA:864,145,0,75
BRDA:864,145,1,38
BRDA:865,146,0,31
BRDA:865,146,1,44
BRDA:868,147,0,44
BRDA:868,147,1,31
BRDA:873,148,0,38
BRDA:873,148,1,0
BRDA:876,149,0,69
BRDA:876,149,1,44
BRDA:876,150,0,113
BRDA:876,150,1,61
BRDA:880,151,0,57
BRDA:880,151,1,56
BRDA:881,152,0,0
BRDA:881,152,1,57
BRDA:881,153,0,57
BRDA:881,153,1,57
BRDA:894,154,0,52
BRDA:894,154,1,7
BRDA:896,155,0,52
BRDA:896,155,1,15
BRDA:898,156,0,52
BRDA:898,156,1,15
BRDA:904,157,0,59
BRDA:904,157,1,45
BRDA:906,158,0,59
BRDA:906,158,1,14
BRDA:910,159,0,59
BRDA:910,159,1,45
BRDA:911,160,0,59
BRDA:911,160,1,14
BRDA:914,161,0,52
BRDA:914,161,1,7
BRDA:918,162,0,52
BRDA:918,162,1,7
BRDA:921,163,0,59
BRDA:921,163,1,45
BRDA:927,164,0,6
BRDA:927,164,1,2
BRDA:934,165,0,6
BRDA:934,165,1,2
BRDA:952,166,0,288
BRDA:952,166,1,150
BRDA:956,167,0,97
BRDA:956,167,1,53
BRDA:958,168,0,97
BRDA:958,168,1,53
BRDA:975,169,0,33
BRDA:975,169,1,2
BRDA:977,170,0,4
BRDA:977,170,1,29
BRDA:1012,171,0,13
BRDA:1012,171,1,0
BRF:367
BRH:351
end_of_record
TN:
SF:packages/compiler-core/src/compile.ts
FN:26,getBaseTransformPreset
FN:59,baseCompile
FNF:2
FNH:2
FNDA:57,getBaseTransformPreset
FNDA:39,baseCompile
DA:2,42
DA:3,42
DA:4,42
DA:6,42
DA:7,42
DA:8,42
DA:9,42
DA:10,42
DA:11,42
DA:12,42
DA:13,42
DA:14,42
DA:15,42
DA:16,42
DA:17,42
DA:18,42
DA:19,42
DA:26,42
DA:29,57
DA:59,42
DA:63,39
DA:64,39
DA:66,39
DA:75,39
DA:76,39
DA:77,0
DA:79,39
DA:80,1
DA:83,38
DA:84,38
DA:87,38
DA:103,38
LF:32
LH:31
BRDA:34,0,0,57
BRDA:34,0,1,0
BRDA:36,1,0,35
BRDA:36,1,1,22
BRDA:35,2,0,57
BRDA:35,2,1,57
BRDA:42,3,0,0
BRDA:42,3,1,22
BRDA:41,4,0,22
BRDA:41,4,1,0
BRDA:61,5,0,0
BRDA:63,6,0,39
BRDA:63,6,1,27
BRDA:66,7,0,39
BRDA:75,8,0,39
BRDA:75,8,1,39
BRDA:75,8,2,21
BRDA:76,9,0,0
BRDA:76,9,1,39
BRDA:76,10,0,39
BRDA:76,10,1,16
BRDA:79,11,0,1
BRDA:79,11,1,38
BRDA:79,12,0,39
BRDA:79,12,1,5
BRDA:83,13,0,38
BRDA:83,13,1,0
BRDA:93,14,0,38
BRDA:93,14,1,9
BRDA:98,15,0,38
BRDA:98,15,1,9
BRF:31
BRH:25
end_of_record
TN:
SF:packages/compiler-core/src/errors.ts
FN:12,defaultOnError
FN:16,defaultOnWarn
FN:20,createCompilerError
FNF:3
FNH:2
FNDA:2,defaultOnError
FNDA:0,defaultOnWarn
FNDA:166,createCompilerError
DA:12,43
DA:13,2
DA:16,43
DA:17,0
DA:20,43
DA:27,166
DA:30,166
DA:31,166
DA:32,166
DA:33,166
DA:100,43
LF:11
LH:10
BRDA:17,0,0,0
BRDA:17,0,1,0
BRDA:28,1,0,166
BRDA:28,1,1,0
BRDA:27,2,0,166
BRDA:27,2,1,0
BRDA:28,3,0,166
BRDA:28,3,1,150
BRDA:28,4,0,166
BRDA:28,4,1,165
BRF:10
BRH:6
end_of_record
TN:
SF:packages/compiler-core/src/index.ts
FN:1,(anonymous_4)
FN:13,(anonymous_5)
FN:15,(anonymous_6)
FN:17,(anonymous_7)
FN:18,(anonymous_8)
FN:19,(anonymous_9)
FN:24,(anonymous_10)
FN:29,(anonymous_11)
FN:36,(anonymous_12)
FN:37,(anonymous_13)
FN:38,(anonymous_14)
FN:39,(anonymous_15)
FN:40,(anonymous_16)
FN:41,(anonymous_17)
FN:42,(anonymous_18)
FN:42,(anonymous_19)
FN:44,(anonymous_20)
FN:45,(anonymous_21)
FN:48,(anonymous_22)
FN:50,(anonymous_23)
FN:51,(anonymous_24)
FN:54,(anonymous_25)
FN:55,(anonymous_26)
FN:56,(anonymous_27)
FN:58,(anonymous_28)
FN:59,(anonymous_29)
FN:63,(anonymous_30)
FN:64,(anonymous_31)
FNF:28
FNH:24
FNDA:34,(anonymous_4)
FNDA:412,(anonymous_5)
FNDA:383,(anonymous_6)
FNDA:18,(anonymous_7)
FNDA:13,(anonymous_8)
FNDA:24,(anonymous_9)
FNDA:259,(anonymous_10)
FNDA:16,(anonymous_11)
FNDA:19,(anonymous_12)
FNDA:16,(anonymous_13)
FNDA:14,(anonymous_14)
FNDA:114,(anonymous_15)
FNDA:359,(anonymous_16)
FNDA:12,(anonymous_17)
FNDA:12,(anonymous_18)
FNDA:16,(anonymous_19)
FNDA:114,(anonymous_20)
FNDA:5,(anonymous_21)
FNDA:25,(anonymous_22)
FNDA:114,(anonymous_23)
FNDA:114,(anonymous_24)
FNDA:0,(anonymous_25)
FNDA:30,(anonymous_26)
FNDA:108,(anonymous_27)
FNDA:8,(anonymous_28)
FNDA:0,(anonymous_29)
FNDA:0,(anonymous_30)
FNDA:0,(anonymous_31)
DA:1,76
DA:13,454
DA:14,42
DA:15,425
DA:17,60
DA:18,55
DA:19,66
DA:24,301
DA:25,42
DA:29,58
DA:32,42
DA:33,42
DA:34,42
DA:36,61
DA:37,58
DA:38,56
DA:39,156
DA:40,401
DA:41,54
DA:42,58
DA:43,42
DA:44,156
DA:45,47
DA:47,42
DA:48,67
DA:50,156
DA:51,156
DA:53,42
DA:54,42
DA:55,72
DA:56,150
DA:58,50
DA:59,42
DA:62,42
DA:63,42
DA:64,42
LF:36
LH:36
BRF:0
BRH:0
end_of_record
TN:
SF:packages/compiler-core/src/parse.ts
FN:70,(anonymous_0)
FN:71,(anonymous_1)
FN:75,(anonymous_2)
FN:76,(anonymous_3)
FN:103,baseParse
FN:115,createParserContext
FN:137,parseChildren
FN:210,(anonymous_7)
FN:307,pushNode
FN:327,parseCDATA
FN:347,parseComment
FN:389,parseBogusComment
FN:412,parseElement
FN:439,(anonymous_13)
FN:506,parseTag
FN:542,(anonymous_15)
FN:549,(anonymous_16)
FN:601,(anonymous_17)
FN:640,(anonymous_18)
FN:661,parseAttributes
FN:695,parseAttribute
FN:860,parseAttributeValue
FN:902,parseInterpolation
FN:946,parseText
FN:978,parseTextData
FN:1000,getCursor
FN:1005,getSelection
FN:1018,last
FN:1022,startsWith
FN:1026,advanceBy
FN:1033,advanceSpaces
FN:1040,getNewPosition
FN:1052,emitError
FN:1071,isEnd
FN:1109,startsWithEndTagOpen
FNF:35
FNH:34
FNDA:999,(anonymous_0)
FNDA:297,(anonymous_1)
FNDA:2,(anonymous_2)
FNDA:5,(anonymous_3)
FNDA:709,baseParse
FNDA:709,createParserContext
FNDA:1451,parseChildren
FNDA:0,(anonymous_7)
FNDA:1979,pushNode
FNDA:5,parseCDATA
FNDA:39,parseComment
FNDA:11,parseBogusComment
FNDA:1257,parseElement
FNDA:351,(anonymous_13)
FNDA:1952,parseTag
FNDA:861,(anonymous_15)
FNDA:2,(anonymous_16)
FNDA:859,(anonymous_17)
FNDA:73,(anonymous_18)
FNDA:1953,parseAttributes
FNDA:866,parseAttribute
FNDA:761,parseAttributeValue
FNDA:162,parseInterpolation
FNDA:511,parseText
FNDA:1428,parseTextData
FNDA:12396,getCursor
FNDA:5434,getSelection
FNDA:3271,last
FNDA:16309,startsWith
FNDA:9845,advanceBy
FNDA:4344,advanceSpaces
FNDA:462,getNewPosition
FNDA:120,emitError
FNDA:3437,isEnd
FNDA:1464,startsWithEndTagOpen
DA:2,43
DA:3,43
DA:9,43
DA:15,43
DA:33,43
DA:59,43
DA:60,43
DA:68,43
DA:70,999
DA:71,297
DA:76,5
DA:103,43
DA:107,709
DA:108,709
DA:109,709
DA:119,709
DA:120,709
DA:122,2321
DA:124,709
DA:142,1451
DA:143,1451
DA:144,1451
DA:146,1451
DA:147,1988
DA:148,1988
DA:149,1988
DA:151,1988
DA:152,1975
DA:154,162
DA:155,1813
DA:157,1323
DA:158,1
DA:159,1322
DA:161,52
DA:162,39
DA:163,13
DA:165,1
DA:166,12
DA:167,6
DA:168,5
DA:170,1
DA:171,1
DA:174,6
DA:175,6
DA:177,1270
DA:179,9
DA:180,1
DA:181,8
DA:182,1
DA:183,1
DA:184,1
DA:185,7
DA:186,5
DA:187,5
DA:188,5
DA:190,2
DA:195,2
DA:197,1261
DA:198,1257
DA:201,1255
DA:211,0
DA:215,0
DA:221,0
DA:223,4
DA:224,1
DA:229,1
DA:231,3
DA:235,1980
DA:236,511
DA:239,1980
DA:240,5
DA:241,4
DA:244,1975
DA:249,1449
DA:250,1449
DA:251,1434
DA:252,1434
DA:253,1952
DA:254,1952
DA:255,482
DA:256,279
DA:257,279
DA:262,279
DA:272,250
DA:273,250
DA:276,29
DA:278,203
DA:281,197
DA:285,1952
DA:290,3
DA:291,3
DA:294,1434
DA:297,4
DA:298,4
DA:299,3
DA:304,1449
DA:308,1979
DA:309,515
DA:312,515
DA:317,11
DA:318,11
DA:319,11
DA:320,11
DA:324,1968
DA:331,5
DA:333,5
DA:335,5
DA:336,5
DA:337,5
DA:338,2
DA:340,3
DA:341,3
DA:344,5
DA:348,39
DA:350,39
DA:354,39
DA:355,39
DA:356,3
DA:357,3
DA:358,3
DA:360,36
DA:361,2
DA:363,36
DA:364,1
DA:366,36
DA:369,36
DA:370,36
DA:371,36
DA:372,36
DA:373,5
DA:374,5
DA:375,4
DA:377,5
DA:379,36
DA:382,39
DA:390,11
DA:392,11
DA:393,11
DA:396,11
DA:397,11
DA:398,3
DA:399,3
DA:401,8
DA:402,8
DA:405,11
DA:416,1257
DA:419,1257
DA:420,1257
DA:421,1257
DA:422,1257
DA:423,1257
DA:424,1257
DA:426,1257
DA:427,520
DA:431,737
DA:432,737
DA:433,737
DA:434,736
DA:437,736
DA:438,736
DA:439,351
DA:441,736
DA:449,0
DA:450,0
DA:458,736
DA:461,736
DA:462,690
DA:464,46
DA:465,45
DA:466,2
DA:467,2
DA:468,1
DA:473,735
DA:475,735
DA:476,4
DA:478,735
DA:479,1
DA:481,735
DA:489,43
DA:511,1952
DA:512,1952
DA:518,1952
DA:519,1952
DA:520,1952
DA:521,1952
DA:523,1952
DA:524,1952
DA:527,1952
DA:528,1952
DA:531,1952
DA:534,1952
DA:535,8
DA:539,1952
DA:542,861
DA:544,1
DA:546,1
DA:547,1
DA:549,2
DA:553,1952
DA:554,1952
DA:555,14
DA:557,1938
DA:558,1938
DA:559,1
DA:561,1938
DA:564,1952
DA:565,695
DA:569,1257
DA:577,0
DA:578,0
DA:579,0
DA:580,0
DA:581,0
DA:582,0
DA:583,0
DA:584,0
DA:585,0
DA:588,0
DA:589,0
DA:598,1257
DA:599,1257
DA:600,1257
DA:601,1253
DA:602,859
DA:604,6
DA:605,3
DA:608,3
DA:609,0
DA:612,3
DA:620,0
DA:623,1253
DA:624,450
DA:625,803
DA:632,69
DA:635,1253
DA:636,31
DA:637,1222
DA:641,73
DA:644,72
DA:648,1257
DA:665,1953
DA:666,1953
DA:667,1953
DA:672,870
DA:673,4
DA:674,4
DA:675,4
DA:676,4
DA:678,866
DA:679,2
DA:682,866
DA:683,866
DA:684,864
DA:687,866
DA:688,1
DA:690,866
DA:692,1953
DA:699,866
DA:702,866
DA:703,866
DA:704,866
DA:706,866
DA:707,1
DA:709,866
DA:711,866
DA:712,2
DA:715,866
DA:717,866
DA:718,3
DA:726,866
DA:729,866
DA:731,866
DA:732,761
DA:733,761
DA:734,761
DA:735,761
DA:736,761
DA:737,3
DA:740,866
DA:742,866
DA:743,567
DA:748,567
DA:752,567
DA:753,231
DA:754,231
DA:755,231
DA:764,231
DA:765,231
DA:767,231
DA:768,28
DA:770,28
DA:771,1
DA:777,28
DA:778,203
DA:782,35
DA:785,231
DA:796,567
DA:797,470
DA:798,470
DA:799,470
DA:800,470
DA:801,470
DA:804,567
DA:807,567
DA:808,123
DA:817,0
DA:818,0
DA:821,123
DA:822,0
DA:830,567
DA:848,299
DA:861,761
DA:864,761
DA:865,761
DA:866,761
DA:868,743
DA:870,743
DA:871,743
DA:872,2
DA:878,741
DA:879,741
DA:883,18
DA:884,18
DA:885,3
DA:887,15
DA:889,15
DA:890,5
DA:896,15
DA:899,758
DA:906,162
DA:907,162
DA:909,162
DA:910,162
DA:911,3
DA:912,3
DA:915,159
DA:916,159
DA:917,159
DA:918,159
DA:919,159
DA:920,159
DA:921,159
DA:922,159
DA:923,159
DA:924,159
DA:925,150
DA:928,159
DA:929,159
DA:930,159
DA:932,159
DA:947,511
DA:949,511
DA:950,511
DA:951,4
DA:954,511
DA:955,511
DA:956,1026
DA:957,1026
DA:958,514
DA:962,511
DA:964,511
DA:965,511
DA:967,511
DA:983,1428
DA:984,1428
DA:985,1428
DA:990,1405
DA:993,23
DA:1001,12396
DA:1002,12396
DA:1010,5434
DA:1011,5434
DA:1019,3271
DA:1023,16309
DA:1027,9845
DA:1028,9845
DA:1029,9845
DA:1030,9845
DA:1034,4344
DA:1035,4344
DA:1036,1030
DA:1045,462
DA:1058,120
DA:1059,17
DA:1060,17
DA:1062,120
DA:1076,3437
DA:1078,3437
DA:1080,3390
DA:1082,689
DA:1083,690
DA:1084,680
DA:1088,2710
DA:1092,38
DA:1093,38
DA:1094,13
DA:1096,25
DA:1100,9
DA:1101,3
DA:1103,6
DA:1106,2741
DA:1110,1464
LF:402
LH:381
BRDA:105,0,0,235
BRDA:122,1,0,2321
BRDA:122,1,1,363
BRDA:143,2,0,742
BRDA:143,2,1,709
BRDA:147,3,0,1988
BRDA:147,3,1,1988
BRDA:151,4,0,1975
BRDA:151,4,1,13
BRDA:151,5,0,1988
BRDA:151,5,1,27
BRDA:152,6,0,162
BRDA:152,6,1,1813
BRDA:152,7,0,1975
BRDA:152,7,1,1973
BRDA:155,8,0,1323
BRDA:155,8,1,490
BRDA:155,9,0,1813
BRDA:155,9,1,1800
BRDA:157,10,0,1
BRDA:157,10,1,1322
BRDA:159,11,0,52
BRDA:159,11,1,1270
BRDA:161,12,0,39
BRDA:161,12,1,13
BRDA:163,13,0,1
BRDA:163,13,1,12
BRDA:166,14,0,6
BRDA:166,14,1,6
BRDA:167,15,0,5
BRDA:167,15,1,1
BRDA:177,16,0,9
BRDA:177,16,1,1261
BRDA:179,17,0,1
BRDA:179,17,1,8
BRDA:181,18,0,1
BRDA:181,18,1,7
BRDA:185,19,0,5
BRDA:185,19,1,2
BRDA:197,20,0,1257
BRDA:197,20,1,4
BRDA:201,21,0,0
BRDA:201,21,1,1255
BRDA:202,22,0,1255
BRDA:202,22,1,1255
BRDA:202,22,2,0
BRDA:202,22,3,0
BRDA:202,22,4,0
BRDA:211,23,0,0
BRDA:211,23,1,0
BRDA:215,24,0,0
BRDA:215,24,1,0
BRDA:223,25,0,1
BRDA:223,25,1,3
BRDA:235,26,0,511
BRDA:235,26,1,1469
BRDA:239,27,0,5
BRDA:239,27,1,1975
BRDA:250,28,0,1434
BRDA:250,28,1,15
BRDA:250,29,0,1449
BRDA:250,29,1,1443
BRDA:254,30,0,482
BRDA:254,30,1,1470
BRDA:254,31,0,1952
BRDA:254,31,1,1942
BRDA:255,32,0,279
BRDA:255,32,1,203
BRDA:262,33,0,250
BRDA:262,33,1,29
BRDA:263,34,0,279
BRDA:263,34,1,199
BRDA:263,34,2,121
BRDA:263,34,3,109
BRDA:263,34,4,99
BRDA:263,34,5,89
BRDA:263,34,6,77
BRDA:263,34,7,76
BRDA:278,35,0,197
BRDA:278,35,1,6
BRDA:285,36,0,3
BRDA:285,36,1,1949
BRDA:286,37,0,1952
BRDA:286,37,1,7
BRDA:286,37,2,4
BRDA:294,38,0,4
BRDA:294,38,1,1430
BRDA:294,39,0,1434
BRDA:294,39,1,7
BRDA:294,39,2,7
BRDA:298,40,0,3
BRDA:298,40,1,1
BRDA:298,41,0,4
BRDA:298,41,1,4
BRDA:304,42,0,92
BRDA:304,42,1,1357
BRDA:308,43,0,515
BRDA:308,43,1,1464
BRDA:312,44,0,11
BRDA:312,44,1,504
BRDA:313,45,0,515
BRDA:313,45,1,249
BRDA:313,45,2,11
BRDA:331,46,0,5
BRDA:331,46,1,5
BRDA:332,47,0,5
BRDA:332,47,1,5
BRDA:333,48,0,5
BRDA:333,48,1,5
BRDA:337,49,0,2
BRDA:337,49,1,3
BRDA:340,50,0,3
BRDA:340,50,1,3
BRDA:348,51,0,39
BRDA:348,51,1,39
BRDA:355,52,0,3
BRDA:355,52,1,36
BRDA:360,53,0,2
BRDA:360,53,1,34
BRDA:363,54,0,1
BRDA:363,54,1,35
BRDA:374,55,0,4
BRDA:374,55,1,1
BRDA:390,56,0,11
BRDA:390,56,1,11
BRDA:393,57,0,1
BRDA:393,57,1,10
BRDA:397,58,0,3
BRDA:397,58,1,8
BRDA:416,59,0,1257
BRDA:416,59,1,1257
BRDA:423,60,0,1257
BRDA:423,60,1,7
BRDA:424,61,0,1257
BRDA:424,61,1,2
BRDA:426,62,0,520
BRDA:426,62,1,737
BRDA:426,63,0,1257
BRDA:426,63,1,757
BRDA:437,64,0,736
BRDA:437,64,1,0
BRDA:439,65,0,351
BRDA:439,65,1,127
BRDA:441,66,0,0
BRDA:441,66,1,736
BRDA:442,67,0,736
BRDA:442,67,1,0
BRDA:461,68,0,690
BRDA:461,68,1,46
BRDA:465,69,0,2
BRDA:465,69,1,43
BRDA:465,70,0,45
BRDA:465,70,1,43
BRDA:467,71,0,1
BRDA:467,71,1,1
BRDA:467,72,0,2
BRDA:467,72,1,2
BRDA:475,73,0,4
BRDA:475,73,1,731
BRDA:478,74,0,1
BRDA:478,74,1,734
BRDA:511,75,0,1952
BRDA:511,75,1,1952
BRDA:512,76,0,1952
BRDA:512,76,1,1952
BRDA:514,77,0,695
BRDA:514,77,1,1257
BRDA:534,78,0,8
BRDA:534,78,1,1944
BRDA:539,79,0,1
BRDA:539,79,1,1951
BRDA:540,80,0,1952
BRDA:540,80,1,1257
BRDA:540,80,2,1256
BRDA:542,81,0,861
BRDA:542,81,1,566
BRDA:554,82,0,14
BRDA:554,82,1,1938
BRDA:558,83,0,1
BRDA:558,83,1,1937
BRDA:558,84,0,1938
BRDA:558,84,1,694
BRDA:561,85,0,501
BRDA:561,85,1,1437
BRDA:564,86,0,695
BRDA:564,86,1,1257
BRDA:569,87,0,0
BRDA:569,87,1,1257
BRDA:570,88,0,1257
BRDA:570,88,1,1257
BRDA:570,88,2,1254
BRDA:581,89,0,0
BRDA:581,89,1,0
BRDA:582,90,0,0
BRDA:582,90,1,0
BRDA:584,91,0,0
BRDA:584,91,1,0
BRDA:588,92,0,0
BRDA:588,92,1,0
BRDA:588,93,0,0
BRDA:588,93,1,0
BRDA:600,94,0,1253
BRDA:600,94,1,4
BRDA:600,95,0,1257
BRDA:600,95,1,1255
BRDA:602,96,0,853
BRDA:602,96,1,6
BRDA:604,97,0,3
BRDA:604,97,1,3
BRDA:608,98,0,0
BRDA:608,98,1,3
BRDA:608,99,0,3
BRDA:608,99,1,3
BRDA:612,100,0,0
BRDA:612,100,1,3
BRDA:613,101,0,3
BRDA:613,101,1,3
BRDA:623,102,0,450
BRDA:623,102,1,803
BRDA:623,103,0,1253
BRDA:623,103,1,451
BRDA:624,104,0,76
BRDA:624,104,1,374
BRDA:625,105,0,69
BRDA:625,105,1,734
BRDA:626,106,0,803
BRDA:626,106,1,800
BRDA:626,106,2,791
BRDA:626,106,3,2
BRDA:626,106,4,790
BRDA:626,106,5,736
BRDA:635,107,0,31
BRDA:635,107,1,1222
BRDA:637,108,0,72
BRDA:637,108,1,1150
BRDA:638,109,0,1222
BRDA:638,109,1,141
BRDA:641,110,0,73
BRDA:641,110,1,72
BRDA:668,111,0,2823
BRDA:668,111,1,2809
BRDA:668,111,2,1371
BRDA:672,112,0,4
BRDA:672,112,1,866
BRDA:678,113,0,2
BRDA:678,113,1,864
BRDA:683,114,0,864
BRDA:683,114,1,2
BRDA:687,115,0,1
BRDA:687,115,1,865
BRDA:699,116,0,866
BRDA:699,116,1,866
BRDA:706,117,0,1
BRDA:706,117,1,865
BRDA:711,118,0,2
BRDA:711,118,1,864
BRDA:731,119,0,761
BRDA:731,119,1,105
BRDA:736,120,0,3
BRDA:736,120,1,758
BRDA:742,121,0,567
BRDA:742,121,1,299
BRDA:742,122,0,866
BRDA:742,122,1,864
BRDA:748,123,0,567
BRDA:748,123,1,178
BRDA:749,124,0,111
BRDA:749,124,1,67
BRDA:749,125,0,36
BRDA:749,125,1,31
BRDA:752,126,0,231
BRDA:752,126,1,336
BRDA:761,127,0,231
BRDA:761,127,1,41
BRDA:761,127,2,230
BRDA:767,128,0,28
BRDA:767,128,1,203
BRDA:770,129,0,1
BRDA:770,129,1,27
BRDA:778,130,0,35
BRDA:778,130,1,168
BRDA:782,131,0,35
BRDA:782,131,1,34
BRDA:790,132,0,203
BRDA:790,132,1,28
BRDA:796,133,0,470
BRDA:796,133,1,97
BRDA:796,134,0,567
BRDA:796,134,1,474
BRDA:804,135,0,35
BRDA:804,135,1,532
BRDA:807,136,0,123
BRDA:807,136,1,444
BRDA:807,137,0,567
BRDA:807,137,1,567
BRDA:807,137,2,148
BRDA:808,138,0,0
BRDA:808,138,1,123
BRDA:809,139,0,123
BRDA:809,139,1,1
BRDA:821,140,0,0
BRDA:821,140,1,123
BRDA:821,141,0,123
BRDA:821,141,1,123
BRDA:833,142,0,567
BRDA:833,142,1,474
BRDA:851,143,0,299
BRDA:851,143,1,284
BRDA:865,144,0,761
BRDA:865,144,1,27
BRDA:866,145,0,743
BRDA:866,145,1,18
BRDA:871,146,0,2
BRDA:871,146,1,741
BRDA:884,147,0,3
BRDA:884,147,1,15
BRDA:907,148,0,162
BRDA:907,148,1,162
BRDA:910,149,0,3
BRDA:910,149,1,159
BRDA:924,150,0,150
BRDA:924,150,1,9
BRDA:947,151,0,511
BRDA:947,151,1,511
BRDA:950,152,0,4
BRDA:950,152,1,507
BRDA:957,153,0,514
BRDA:957,153,1,512
BRDA:957,154,0,1026
BRDA:957,154,1,555
BRDA:962,155,0,511
BRDA:962,155,1,511
BRDA:985,156,0,1405
BRDA:985,156,1,23
BRDA:986,157,0,1428
BRDA:986,157,1,1419
BRDA:986,157,2,1415
BRDA:1010,158,0,5434
BRDA:1010,158,1,5044
BRDA:1028,159,0,9845
BRDA:1028,159,1,9845
BRDA:1035,160,0,1030
BRDA:1035,160,1,3314
BRDA:1056,161,0,74
BRDA:1058,162,0,17
BRDA:1058,162,1,103
BRDA:1079,163,0,3390
BRDA:1079,163,1,23
BRDA:1079,163,2,38
BRDA:1079,163,3,9
BRDA:1080,164,0,689
BRDA:1080,164,1,2701
BRDA:1083,165,0,680
BRDA:1083,165,1,10
BRDA:1093,166,0,13
BRDA:1093,166,1,25
BRDA:1093,167,0,38
BRDA:1093,167,1,38
BRDA:1100,168,0,3
BRDA:1100,168,1,6
BRDA:1111,169,0,1464
BRDA:1111,169,1,1401
BRDA:1111,169,2,1385
BRDA:1113,170,0,1385
BRDA:1113,170,1,2
BRF:365
BRH:339
end_of_record
TN:
SF:packages/compiler-core/src/runtimeHelpers.ts
FN:74,registerRuntimeHelpers
FN:75,(anonymous_1)
FNF:2
FNH:2
FNDA:32,registerRuntimeHelpers
FNDA:392,(anonymous_1)
DA:1,44
DA:2,44
DA:3,44
DA:4,44
DA:5,44
DA:6,44
DA:7,44
DA:8,44
DA:9,44
DA:10,44
DA:11,44
DA:12,44
DA:13,44
DA:16,44
DA:17,44
DA:18,44
DA:19,44
DA:20,44
DA:21,44
DA:22,44
DA:23,44
DA:24,44
DA:25,44
DA:26,44
DA:27,44
DA:28,44
DA:29,44
DA:30,44
DA:31,44
DA:32,44
DA:33,44
DA:34,44
DA:39,44
DA:74,44
DA:75,32
DA:76,392
LF:36
LH:36
BRDA:1,0,0,44
BRDA:1,0,1,0
BRDA:2,1,0,44
BRDA:2,1,1,0
BRDA:3,2,0,44
BRDA:3,2,1,0
BRDA:4,3,0,44
BRDA:4,3,1,0
BRDA:5,4,0,44
BRDA:5,4,1,0
BRDA:6,5,0,44
BRDA:6,5,1,0
BRDA:7,6,0,44
BRDA:7,6,1,0
BRDA:8,7,0,44
BRDA:8,7,1,0
BRDA:9,8,0,44
BRDA:9,8,1,0
BRDA:10,9,0,44
BRDA:10,9,1,0
BRDA:11,10,0,44
BRDA:11,10,1,0
BRDA:12,11,0,44
BRDA:12,11,1,0
BRDA:14,12,0,44
BRDA:14,12,1,0
BRDA:16,13,0,44
BRDA:16,13,1,0
BRDA:17,14,0,44
BRDA:17,14,1,0
BRDA:18,15,0,44
BRDA:18,15,1,0
BRDA:19,16,0,44
BRDA:19,16,1,0
BRDA:20,17,0,44
BRDA:20,17,1,0
BRDA:21,18,0,44
BRDA:21,18,1,0
BRDA:22,19,0,44
BRDA:22,19,1,0
BRDA:23,20,0,44
BRDA:23,20,1,0
BRDA:24,21,0,44
BRDA:24,21,1,0
BRDA:25,22,0,44
BRDA:25,22,1,0
BRDA:26,23,0,44
BRDA:26,23,1,0
BRDA:27,24,0,44
BRDA:27,24,1,0
BRDA:28,25,0,44
BRDA:28,25,1,0
BRDA:29,26,0,44
BRDA:29,26,1,0
BRDA:30,27,0,44
BRDA:30,27,1,0
BRDA:31,28,0,44
BRDA:31,28,1,0
BRDA:32,29,0,44
BRDA:32,29,1,0
BRDA:33,30,0,44
BRDA:33,30,1,0
BRDA:34,31,0,44
BRDA:34,31,1,0
BRF:64
BRH:32
end_of_record
TN:
SF:packages/compiler-core/src/transform.ts
FN:126,createTransformContext
FN:197,(anonymous_1)
FN:202,(anonymous_2)
FN:213,(anonymous_3)
FN:216,(anonymous_4)
FN:228,(anonymous_5)
FN:255,(anonymous_6)
FN:256,(anonymous_7)
FN:268,(anonymous_8)
FN:279,(anonymous_9)
FN:290,(anonymous_10)
FN:299,addId
FN:307,removeId
FN:314,transform
FN:337,createRootCodegen
FN:370,(anonymous_15)
FN:390,traverseChildren
FN:395,(anonymous_17)
FN:408,traverseNode
FN:471,createStructuralDirectiveTransform
FN:476,(anonymous_20)
FN:477,(anonymous_21)
FN:479,(anonymous_22)
FNF:23
FNH:22
FNDA:540,createTransformContext
FNDA:2573,(anonymous_1)
FNDA:356,(anonymous_2)
FNDA:29,(anonymous_3)
FNDA:151,(anonymous_4)
FNDA:51,(anonymous_5)
FNDA:0,(anonymous_6)
FNDA:81,(anonymous_7)
FNDA:81,(anonymous_8)
FNDA:82,(anonymous_9)
FNDA:15,(anonymous_10)
FNDA:82,addId
FNDA:82,removeId
FNDA:522,transform
FNDA:408,createRootCodegen
FNDA:90,(anonymous_15)
FNDA:1710,traverseChildren
FNDA:50,(anonymous_17)
FNDA:2158,traverseNode
FNDA:108,createStructuralDirectiveTransform
FNDA:280,(anonymous_20)
FNDA:385,(anonymous_21)
FNDA:3041,(anonymous_22)
DA:2,42
DA:21,42
DA:31,42
DA:32,42
DA:41,42
DA:42,42
DA:126,42
DA:151,540
DA:152,540
DA:198,2573
DA:199,2573
DA:200,2573
DA:203,356
DA:204,356
DA:205,356
DA:206,356
DA:207,242
DA:209,114
DA:214,29
DA:218,151
DA:226,151
DA:229,51
DA:230,0
DA:232,51
DA:233,51
DA:239,51
DA:242,51
DA:244,41
DA:245,41
DA:248,10
DA:249,9
DA:250,9
DA:253,51
DA:258,81
DA:259,81
DA:260,5
DA:261,76
DA:262,21
DA:263,55
DA:264,55
DA:269,81
DA:270,81
DA:271,5
DA:272,76
DA:273,21
DA:274,55
DA:275,55
DA:280,82
DA:281,82
DA:287,82
DA:288,82
DA:291,15
DA:295,540
DA:296,540
DA:300,82
DA:301,82
DA:302,73
DA:304,82
DA:308,82
DA:311,540
DA:314,42
DA:315,522
DA:316,522
DA:317,522
DA:318,51
DA:320,522
DA:321,408
DA:324,522
DA:325,522
DA:326,522
DA:327,522
DA:328,522
DA:329,522
DA:330,522
DA:332,522
DA:333,522
DA:338,408
DA:339,408
DA:340,408
DA:341,384
DA:343,384
DA:346,247
DA:347,247
DA:348,246
DA:349,245
DA:350,245
DA:351,245
DA:352,245
DA:355,247
DA:360,137
DA:362,24
DA:364,21
DA:365,21
DA:368,21
DA:370,90
DA:372,1
DA:373,1
DA:375,21
DA:390,42
DA:394,1710
DA:395,1710
DA:396,50
DA:398,1710
DA:399,1523
DA:400,1523
DA:401,1523
DA:402,1523
DA:403,1523
DA:404,1523
DA:408,42
DA:412,2158
DA:414,2158
DA:415,2158
DA:416,2158
DA:417,14238
DA:418,14238
DA:419,3960
DA:420,1509
DA:422,2451
DA:425,14238
DA:427,41
DA:430,14197
DA:434,2117
DA:436,18
DA:439,17
DA:441,18
DA:444,140
DA:445,126
DA:447,140
DA:451,64
DA:452,64
DA:454,64
DA:459,1710
DA:460,1710
DA:464,2117
DA:465,2117
DA:466,2117
DA:467,2582
DA:471,42
DA:475,108
DA:476,280
DA:477,385
DA:479,108
DA:480,3041
DA:481,1605
DA:484,1605
DA:485,96
DA:487,1509
DA:488,1509
DA:489,890
DA:490,890
DA:494,196
DA:495,196
DA:496,196
DA:497,196
DA:500,1509
LF:156
LH:155
BRDA:129,0,0,536
BRDA:130,1,0,273
BRDA:131,2,0,357
BRDA:132,3,0,398
BRDA:133,4,0,7
BRDA:134,5,0,125
BRDA:135,6,0,511
BRDA:136,7,0,379
BRDA:137,8,0,538
BRDA:138,9,0,539
BRDA:139,10,0,523
BRDA:140,11,0,538
BRDA:141,12,0,408
BRDA:142,13,0,530
BRDA:143,14,0,536
BRDA:144,15,0,539
BRDA:145,16,0,540
BRDA:146,17,0,488
BRDA:147,18,0,540
BRDA:154,19,0,540
BRDA:154,19,1,4
BRDA:198,20,0,2573
BRDA:198,20,1,1822
BRDA:204,21,0,356
BRDA:204,21,1,0
BRDA:206,22,0,242
BRDA:206,22,1,114
BRDA:218,23,0,0
BRDA:229,24,0,0
BRDA:229,24,1,51
BRDA:229,25,0,51
BRDA:229,25,1,51
BRDA:234,26,0,10
BRDA:234,26,1,41
BRDA:236,27,0,41
BRDA:236,27,1,0
BRDA:239,28,0,51
BRDA:239,29,0,51
BRDA:239,29,1,51
BRDA:242,30,0,41
BRDA:242,30,1,10
BRDA:242,31,0,51
BRDA:242,31,1,10
BRDA:248,32,0,9
BRDA:248,32,1,1
BRDA:258,33,0,81
BRDA:258,33,1,0
BRDA:259,34,0,5
BRDA:259,34,1,76
BRDA:261,35,0,21
BRDA:261,35,1,55
BRDA:263,36,0,55
BRDA:263,36,1,0
BRDA:269,37,0,81
BRDA:269,37,1,0
BRDA:270,38,0,5
BRDA:270,38,1,76
BRDA:272,39,0,21
BRDA:272,39,1,55
BRDA:274,40,0,55
BRDA:274,40,1,0
BRDA:290,41,0,8
BRDA:295,42,0,540
BRDA:295,42,1,0
BRDA:301,43,0,73
BRDA:301,43,1,9
BRDA:317,44,0,51
BRDA:317,44,1,471
BRDA:320,45,0,408
BRDA:320,45,1,114
BRDA:332,46,0,522
BRDA:332,46,1,0
BRDA:340,47,0,384
BRDA:340,47,1,24
BRDA:343,48,0,247
BRDA:343,48,1,137
BRDA:343,49,0,384
BRDA:343,49,1,257
BRDA:347,50,0,246
BRDA:347,50,1,1
BRDA:348,51,0,245
BRDA:348,51,1,1
BRDA:362,52,0,21
BRDA:362,52,1,3
BRDA:368,53,0,1
BRDA:368,53,1,20
BRDA:369,54,0,21
BRDA:369,54,1,21
BRDA:380,55,0,21
BRDA:380,55,1,0
BRDA:400,56,0,0
BRDA:400,56,1,1523
BRDA:418,57,0,3960
BRDA:418,57,1,10278
BRDA:419,58,0,1509
BRDA:419,58,1,2451
BRDA:425,59,0,41
BRDA:425,59,1,14197
BRDA:435,60,0,18
BRDA:435,60,1,140
BRDA:435,60,2,64
BRDA:435,60,3,100
BRDA:435,60,4,185
BRDA:435,60,5,1175
BRDA:435,60,6,1710
BRDA:436,61,0,17
BRDA:436,61,1,1
BRDA:444,62,0,126
BRDA:444,62,1,14
BRDA:476,63,0,54
BRDA:476,63,1,54
BRDA:480,64,0,1605
BRDA:480,64,1,1436
BRDA:484,65,0,96
BRDA:484,65,1,1509
BRDA:484,66,0,1605
BRDA:484,66,1,142
BRDA:490,67,0,196
BRDA:490,67,1,694
BRDA:490,68,0,890
BRDA:490,68,1,665
BRDA:497,69,0,135
BRDA:497,69,1,61
BRF:123
BRH:111
end_of_record
TN:
SF:packages/compiler-core/src/utils.ts
FN:37,(anonymous_0)
FN:40,(anonymous_1)
FN:43,isCoreComponent
FN:56,(anonymous_3)
FN:60,(anonymous_4)
FN:69,getInnerRange
FN:94,advancePositionWithClone
FN:108,advancePositionWithMutation
FN:132,assert
FN:139,findDir
FN:156,findProp
FN:179,isBindKey
FN:183,hasDynamicKeyVBind
FN:185,(anonymous_13)
FN:194,isText
FN:200,isVSlot
FN:204,isTemplateNode
FN:212,isSlotOutlet
FN:218,injectProp
FN:253,(anonymous_19)
FN:276,toValidAssetId
FN:284,hasScopeRef
FN:302,(anonymous_22)
FN:307,(anonymous_23)
FN:309,(anonymous_24)
FN:314,(anonymous_25)
FN:322,(anonymous_26)
FNF:27
FNH:24
FNDA:458,(anonymous_0)
FNDA:3641,(anonymous_1)
FNDA:899,isCoreComponent
FNDA:983,(anonymous_3)
FNDA:94,(anonymous_4)
FNDA:379,getInnerRange
FNDA:2002,advancePositionWithClone
FNDA:12577,advancePositionWithMutation
FNDA:20110,assert
FNDA:902,findDir
FNDA:953,findProp
FNDA:193,isBindKey
FNDA:181,hasDynamicKeyVBind
FNDA:180,(anonymous_13)
FNDA:682,isText
FNDA:194,isVSlot
FNDA:1118,isTemplateNode
FNDA:1854,isSlotOutlet
FNDA:67,injectProp
FNDA:4,(anonymous_19)
FNDA:134,toValidAssetId
FNDA:204,hasScopeRef
FNDA:52,(anonymous_22)
FNDA:0,(anonymous_23)
FNDA:0,(anonymous_24)
FNDA:0,(anonymous_25)
FNDA:49,(anonymous_26)
DA:1,44
DA:27,44
DA:35,44
DA:37,44
DA:38,458
DA:40,44
DA:41,3641
DA:43,44
DA:44,899
DA:45,7
DA:46,892
DA:47,9
DA:48,883
DA:49,5
DA:50,878
DA:51,4
DA:55,44
DA:56,44
DA:57,983
DA:59,44
DA:60,44
DA:61,94
DA:62,93
DA:63,93
DA:64,75
DA:65,16
DA:66,6
DA:69,44
DA:74,379
DA:75,379
DA:76,379
DA:82,379
DA:83,378
DA:84,378
DA:91,379
DA:94,44
DA:99,2002
DA:108,44
DA:113,12577
DA:114,12577
DA:115,12577
DA:116,47974
DA:117,372
DA:118,372
DA:122,12577
DA:123,12577
DA:124,12577
DA:129,12577
DA:132,44
DA:134,20110
DA:139,44
DA:144,902
DA:145,613
DA:146,613
DA:151,122
DA:156,44
DA:162,953
DA:163,558
DA:164,558
DA:165,206
DA:166,47
DA:167,21
DA:169,352
DA:174,31
DA:179,44
DA:180,193
DA:183,44
DA:184,181
DA:186,180
DA:194,44
DA:197,682
DA:200,44
DA:201,194
DA:204,44
DA:207,1118
DA:212,44
DA:215,1854
DA:218,44
DA:225,67
DA:226,67
DA:227,59
DA:228,8
DA:232,3
DA:233,3
DA:234,1
DA:236,2
DA:238,1
DA:243,1
DA:246,3
DA:247,5
DA:248,4
DA:250,4
DA:251,4
DA:252,4
DA:254,4
DA:258,4
DA:259,2
DA:261,4
DA:264,1
DA:269,67
DA:270,64
DA:272,3
DA:276,44
DA:280,134
DA:284,44
DA:288,204
DA:289,34
DA:291,170
DA:293,42
DA:294,34
DA:295,34
DA:299,1
DA:302,52
DA:304,0
DA:305,0
DA:307,0
DA:309,0
DA:311,0
DA:312,0
DA:314,0
DA:316,79
DA:322,49
DA:325,30
DA:328,2
DA:330,0
DA:331,0
DA:332,0
DA:334,0
LF:128
LH:117
BRDA:38,0,0,458
BRDA:38,0,1,442
BRDA:41,1,0,3641
BRDA:41,1,1,3631
BRDA:44,2,0,7
BRDA:44,2,1,892
BRDA:46,3,0,9
BRDA:46,3,1,883
BRDA:48,4,0,5
BRDA:48,4,1,878
BRDA:50,5,0,4
BRDA:50,5,1,874
BRDA:61,6,0,1
BRDA:61,6,1,93
BRDA:63,7,0,18
BRDA:63,7,1,75
BRDA:64,8,0,59
BRDA:64,8,1,16
BRDA:65,9,0,10
BRDA:65,9,1,6
BRDA:74,10,0,379
BRDA:74,10,1,379
BRDA:82,11,0,378
BRDA:82,11,1,1
BRDA:83,12,0,378
BRDA:83,12,1,378
BRDA:97,13,0,470
BRDA:111,14,0,421
BRDA:116,15,0,372
BRDA:116,15,1,47602
BRDA:126,16,0,12229
BRDA:126,16,1,348
BRDA:134,17,0,20110
BRDA:142,18,0,474
BRDA:146,19,0,122
BRDA:146,19,1,491
BRDA:147,20,0,613
BRDA:147,20,1,539
BRDA:147,20,2,313
BRDA:147,20,3,432
BRDA:149,21,0,389
BRDA:149,21,1,43
BRDA:159,22,0,336
BRDA:160,23,0,950
BRDA:164,24,0,206
BRDA:164,24,1,352
BRDA:165,25,0,159
BRDA:165,25,1,47
BRDA:166,26,0,21
BRDA:166,26,1,26
BRDA:166,27,0,47
BRDA:166,27,1,21
BRDA:166,27,2,1
BRDA:169,28,0,31
BRDA:169,28,1,321
BRDA:170,29,0,352
BRDA:170,29,1,176
BRDA:170,29,2,2
BRDA:170,29,3,174
BRDA:180,30,0,193
BRDA:180,30,1,144
BRDA:180,30,2,138
BRDA:186,31,0,180
BRDA:186,31,1,151
BRDA:186,31,2,124
BRDA:186,31,3,31
BRDA:186,31,4,31
BRDA:197,32,0,682
BRDA:197,32,1,614
BRDA:201,33,0,194
BRDA:201,33,1,194
BRDA:208,34,0,1118
BRDA:208,34,1,661
BRDA:215,35,0,1854
BRDA:215,35,1,1038
BRDA:225,36,0,64
BRDA:225,36,1,3
BRDA:226,37,0,59
BRDA:226,37,1,8
BRDA:226,38,0,67
BRDA:226,38,1,8
BRDA:228,39,0,3
BRDA:228,39,1,5
BRDA:233,40,0,1
BRDA:233,40,1,2
BRDA:233,41,0,3
BRDA:233,41,1,3
BRDA:236,42,0,1
BRDA:236,42,1,1
BRDA:246,43,0,3
BRDA:246,43,1,2
BRDA:247,44,0,4
BRDA:247,44,1,1
BRDA:250,45,0,4
BRDA:250,45,1,0
BRDA:254,46,0,4
BRDA:254,46,1,4
BRDA:258,47,0,2
BRDA:258,47,1,2
BRDA:269,48,0,64
BRDA:269,48,1,3
BRDA:288,49,0,34
BRDA:288,49,1,170
BRDA:288,50,0,204
BRDA:288,50,1,181
BRDA:292,51,0,42
BRDA:292,51,1,0
BRDA:292,51,2,0
BRDA:292,51,3,0
BRDA:292,51,4,79
BRDA:292,51,5,17
BRDA:292,51,6,29
BRDA:292,51,7,30
BRDA:292,51,8,2
BRDA:292,51,9,2
BRDA:292,51,10,0
BRDA:295,52,0,1
BRDA:295,52,1,33
BRDA:296,53,0,34
BRDA:296,53,1,34
BRDA:296,53,2,34
BRDA:304,54,0,0
BRDA:304,54,1,0
BRDA:311,55,0,0
BRDA:311,55,1,0
BRDA:317,56,0,79
BRDA:317,56,1,69
BRDA:317,56,2,48
BRDA:322,57,0,49
BRDA:322,57,1,20
BRDA:330,58,0,0
BRDA:330,58,1,0
BRF:132
BRH:121
end_of_record
TN:
SF:packages/compiler-core/src/validateExpression.ts
FN:28,validateBrowserExpression
FNF:1
FNH:0
FNDA:0,validateBrowserExpression
DA:5,42
DA:8,42
DA:21,42
DA:28,42
DA:34,0
DA:38,0
DA:39,0
DA:42,0
DA:43,0
DA:49,0
DA:50,0
DA:53,0
DA:54,0
DA:58,0
LF:14
LH:4
BRDA:31,0,0,0
BRDA:32,1,0,0
BRDA:38,2,0,0
BRDA:38,2,1,0
BRDA:45,3,0,0
BRDA:45,3,1,0
BRDA:46,4,0,0
BRDA:46,4,1,0
BRDA:53,5,0,0
BRDA:53,5,1,0
BRF:10
BRH:0
end_of_record
TN:
SF:packages/compiler-core/src/compat/compatConfig.ts
FN:44,(anonymous_0)
FN:109,getCompatValue
FN:124,isCompatEnabled
FN:135,checkCompatEnabled
FN:148,warnDeprecation
FNF:5
FNH:3
FNDA:0,(anonymous_0)
FNDA:6244,getCompatValue
FNDA:3122,isCompatEnabled
FNDA:19,checkCompatEnabled
FNDA:0,warnDeprecation
DA:34,43
DA:45,0
DA:113,6244
DA:116,6244
DA:117,6244
DA:118,3122
DA:120,3122
DA:124,43
DA:128,3122
DA:129,3122
DA:132,3122
DA:135,43
DA:141,19
DA:142,19
DA:143,0
DA:145,19
DA:148,43
DA:154,0
DA:155,0
DA:156,0
DA:158,0
DA:159,0
DA:163,0
DA:164,0
DA:165,0
DA:166,0
LF:26
LH:15
BRDA:114,0,0,5026
BRDA:114,0,1,1218
BRDA:116,1,0,6244
BRDA:116,1,1,0
BRDA:117,2,0,3122
BRDA:117,2,1,3122
BRDA:118,3,0,3122
BRDA:118,3,1,3122
BRDA:132,4,0,3122
BRDA:132,4,1,0
BRDA:142,5,0,0
BRDA:142,5,1,19
BRDA:142,6,0,19
BRDA:142,6,1,19
BRDA:155,7,0,0
BRDA:155,7,1,0
BRDA:160,8,0,0
BRDA:160,8,1,0
BRDA:161,9,0,0
BRDA:161,9,1,0
BRDA:165,10,0,0
BRDA:165,10,1,0
BRF:22
BRH:11
end_of_record
TN:
SF:packages/compiler-core/src/compat/transformFilter.ts
FN:20,(anonymous_0)
FN:32,(anonymous_1)
FN:44,rewriteFilter
FN:62,parseFilter
FN:156,pushFilter
FN:175,wrapFilter
FNF:6
FNH:1
FNDA:474,(anonymous_0)
FNDA:0,(anonymous_1)
FNDA:0,rewriteFilter
FNDA:0,parseFilter
FNDA:0,pushFilter
FNDA:0,wrapFilter
DA:1,42
DA:2,42
DA:11,42
DA:18,42
DA:20,42
DA:21,474
DA:22,474
DA:25,0
DA:28,0
DA:31,0
DA:32,0
DA:33,0
DA:38,0
DA:45,0
DA:46,0
DA:48,0
DA:49,0
DA:50,0
DA:51,0
DA:52,0
DA:53,0
DA:54,0
DA:55,0
DA:56,0
DA:63,0
DA:64,0
DA:65,0
DA:66,0
DA:67,0
DA:68,0
DA:69,0
DA:70,0
DA:71,0
DA:76,0
DA:78,0
DA:79,0
DA:80,0
DA:81,0
DA:82,0
DA:83,0
DA:84,0
DA:85,0
DA:86,0
DA:87,0
DA:88,0
DA:89,0
DA:97,0
DA:99,0
DA:100,0
DA:102,0
DA:105,0
DA:107,0
DA:108,0
DA:110,0
DA:111,0
DA:113,0
DA:114,0
DA:116,0
DA:117,0
DA:119,0
DA:120,0
DA:122,0
DA:123,0
DA:125,0
DA:126,0
DA:128,0
DA:129,0
DA:131,0
DA:132,0
DA:134,0
DA:136,0
DA:139,0
DA:140,0
DA:141,0
DA:143,0
DA:144,0
DA:150,0
DA:151,0
DA:152,0
DA:153,0
DA:157,0
DA:158,0
DA:161,0
DA:162,0
DA:168,0
DA:169,0
DA:171,0
DA:180,0
DA:181,0
DA:182,0
DA:183,0
DA:184,0
DA:186,0
DA:187,0
DA:188,0
DA:189,0
LF:96
LH:7
BRDA:21,0,0,474
BRDA:21,0,1,0
BRDA:25,1,0,0
BRDA:25,1,1,0
BRDA:31,2,0,0
BRDA:31,2,1,0
BRDA:33,3,0,0
BRDA:33,3,1,0
BRDA:34,4,0,0
BRDA:34,4,1,0
BRDA:34,4,2,0
BRDA:45,5,0,0
BRDA:45,5,1,0
BRDA:50,6,0,0
BRDA:50,6,1,0
BRDA:51,7,0,0
BRDA:51,7,1,0
BRDA:53,8,0,0
BRDA:53,8,1,0
BRDA:55,9,0,0
BRDA:55,9,1,0
BRDA:81,10,0,0
BRDA:81,10,1,0
BRDA:82,11,0,0
BRDA:82,11,1,0
BRDA:82,12,0,0
BRDA:82,12,1,0
BRDA:83,13,0,0
BRDA:83,13,1,0
BRDA:84,14,0,0
BRDA:84,14,1,0
BRDA:84,15,0,0
BRDA:84,15,1,0
BRDA:85,16,0,0
BRDA:85,16,1,0
BRDA:86,17,0,0
BRDA:86,17,1,0
BRDA:86,18,0,0
BRDA:86,18,1,0
BRDA:87,19,0,0
BRDA:87,19,1,0
BRDA:88,20,0,0
BRDA:88,20,1,0
BRDA:88,21,0,0
BRDA:88,21,1,0
BRDA:89,22,0,0
BRDA:89,22,1,0
BRDA:90,23,0,0
BRDA:90,23,1,0
BRDA:90,23,2,0
BRDA:90,23,3,0
BRDA:90,23,4,0
BRDA:90,23,5,0
BRDA:97,24,0,0
BRDA:97,24,1,0
BRDA:106,25,0,0
BRDA:106,25,1,0
BRDA:106,25,2,0
BRDA:106,25,3,0
BRDA:106,25,4,0
BRDA:106,25,5,0
BRDA:106,25,6,0
BRDA:106,25,7,0
BRDA:106,25,8,0
BRDA:134,26,0,0
BRDA:134,26,1,0
BRDA:141,27,0,0
BRDA:141,27,1,0
BRDA:143,28,0,0
BRDA:143,28,1,0
BRDA:143,29,0,0
BRDA:143,29,1,0
BRDA:150,30,0,0
BRDA:150,30,1,0
BRDA:152,31,0,0
BRDA:152,31,1,0
BRDA:161,32,0,0
BRDA:161,32,1,0
BRDA:162,33,0,0
BRDA:162,33,1,0
BRDA:182,34,0,0
BRDA:182,34,1,0
BRDA:190,35,0,0
BRDA:190,35,1,0
BRF:84
BRH:1
end_of_record
TN:
SF:packages/compiler-core/src/transforms/hoistStatic.ts
FN:19,hoistStatic
FN:29,isSingleElementRoot
FN:41,walk
FN:142,getConstantType
FN:263,getGeneratedPropsConstantType
FN:295,getNodeProps
FN:302,getPatchFlag
FNF:7
FNH:7
FNDA:51,hoistStatic
FNDA:435,isSingleElementRoot
FNDA:154,walk
FNDA:842,getConstantType
FNDA:199,getGeneratedPropsConstantType
FNDA:259,getNodeProps
FNDA:207,getPatchFlag
DA:15,42
DA:16,42
DA:17,42
DA:19,42
DA:20,51
DA:29,42
DA:33,435
DA:34,435
DA:46,154
DA:55,154
DA:57,154
DA:58,154
DA:59,163
DA:61,163
DA:65,113
DA:68,113
DA:69,47
DA:70,1
DA:72,47
DA:73,47
DA:75,47
DA:76,47
DA:77,47
DA:82,66
DA:83,66
DA:84,65
DA:85,65
DA:92,60
DA:93,60
DA:94,14
DA:99,50
DA:100,3
DA:101,3
DA:102,1
DA:103,0
DA:105,1
DA:106,1
DA:107,1
DA:113,116
DA:114,82
DA:115,82
DA:116,15
DA:118,82
DA:119,82
DA:120,15
DA:122,34
DA:124,7
DA:125,27
DA:126,9
DA:128,14
DA:137,154
DA:138,16
DA:142,42
DA:146,842
DA:147,842
DA:149,145
DA:150,1
DA:152,144
DA:153,144
DA:154,1
DA:156,143
DA:157,143
DA:158,1
DA:160,142
DA:161,142
DA:162,135
DA:170,135
DA:171,135
DA:172,2
DA:173,2
DA:175,133
DA:176,1
DA:180,133
DA:181,143
DA:182,143
DA:183,2
DA:184,2
DA:186,141
DA:187,1
DA:195,131
DA:196,131
DA:197,74
DA:198,74
DA:199,20
DA:200,20
DA:201,0
DA:202,0
DA:204,20
DA:205,0
DA:214,131
DA:215,0
DA:216,0
DA:217,0
DA:218,0
DA:221,131
DA:222,131
DA:224,7
DA:225,7
DA:229,87
DA:233,0
DA:236,73
DA:238,448
DA:240,89
DA:241,89
DA:242,218
DA:243,218
DA:244,82
DA:246,136
DA:247,136
DA:248,67
DA:249,69
DA:250,0
DA:253,22
DA:255,0
DA:256,0
DA:257,0
DA:259,0
DA:267,199
DA:268,199
DA:269,199
DA:270,95
DA:271,95
DA:272,96
DA:273,96
DA:274,96
DA:275,0
DA:277,96
DA:278,0
DA:280,96
DA:281,2
DA:283,94
DA:284,94
DA:285,4
DA:287,90
DA:288,10
DA:292,193
DA:296,259
DA:297,259
DA:298,259
DA:303,207
DA:304,207
LF:141
LH:125
BRDA:35,0,0,435
BRDA:35,0,1,435
BRDA:35,0,2,322
BRDA:44,1,0,82
BRDA:61,2,0,113
BRDA:61,2,1,50
BRDA:62,3,0,163
BRDA:62,3,1,129
BRDA:66,4,0,54
BRDA:66,4,1,59
BRDA:68,5,0,47
BRDA:68,5,1,66
BRDA:69,6,0,1
BRDA:69,6,1,46
BRDA:72,7,0,47
BRDA:72,7,1,0
BRDA:74,8,0,47
BRDA:74,8,1,0
BRDA:83,9,0,65
BRDA:83,9,1,1
BRDA:85,10,0,60
BRDA:85,10,1,5
BRDA:86,11,0,65
BRDA:86,11,1,7
BRDA:86,11,2,5
BRDA:86,11,3,64
BRDA:93,12,0,14
BRDA:93,12,1,46
BRDA:99,13,0,3
BRDA:99,13,1,47
BRDA:101,14,0,1
BRDA:101,14,1,2
BRDA:102,15,0,0
BRDA:102,15,1,1
BRDA:105,16,0,1
BRDA:105,16,1,0
BRDA:113,17,0,82
BRDA:113,17,1,34
BRDA:115,18,0,15
BRDA:115,18,1,67
BRDA:119,19,0,15
BRDA:119,19,1,67
BRDA:122,20,0,7
BRDA:122,20,1,27
BRDA:125,21,0,9
BRDA:125,21,1,18
BRDA:137,22,0,16
BRDA:137,22,1,138
BRDA:137,23,0,154
BRDA:137,23,1,153
BRDA:137,23,2,27
BRDA:148,24,0,145
BRDA:148,24,1,86
BRDA:148,24,2,87
BRDA:148,24,3,0
BRDA:148,24,4,0
BRDA:148,24,5,0
BRDA:148,24,6,73
BRDA:148,24,7,73
BRDA:148,24,8,448
BRDA:148,24,9,89
BRDA:148,24,10,0
BRDA:149,25,0,1
BRDA:149,25,1,144
BRDA:153,26,0,1
BRDA:153,26,1,143
BRDA:157,27,0,1
BRDA:157,27,1,142
BRDA:161,28,0,135
BRDA:161,28,1,7
BRDA:171,29,0,2
BRDA:171,29,1,133
BRDA:175,30,0,1
BRDA:175,30,1,132
BRDA:182,31,0,2
BRDA:182,31,1,141
BRDA:186,32,0,1
BRDA:186,32,1,140
BRDA:195,33,0,131
BRDA:195,33,1,0
BRDA:198,34,0,20
BRDA:198,34,1,54
BRDA:198,35,0,74
BRDA:198,35,1,20
BRDA:198,35,2,20
BRDA:200,36,0,0
BRDA:200,36,1,20
BRDA:204,37,0,0
BRDA:204,37,1,20
BRDA:214,38,0,0
BRDA:214,38,1,131
BRDA:243,39,0,82
BRDA:243,39,1,136
BRDA:243,40,0,218
BRDA:243,40,1,136
BRDA:247,41,0,67
BRDA:247,41,1,69
BRDA:249,42,0,0
BRDA:249,42,1,69
BRDA:255,43,0,0
BRDA:255,43,1,0
BRDA:269,44,0,95
BRDA:269,44,1,104
BRDA:269,45,0,199
BRDA:269,45,1,95
BRDA:274,46,0,0
BRDA:274,46,1,96
BRDA:277,47,0,0
BRDA:277,47,1,96
BRDA:280,48,0,2
BRDA:280,48,1,94
BRDA:284,49,0,4
BRDA:284,49,1,90
BRDA:287,50,0,10
BRDA:287,50,1,80
BRDA:297,51,0,259
BRDA:297,51,1,0
BRDA:304,52,0,14
BRDA:304,52,1,193
BRF:119
BRH:101
end_of_record
TN:
SF:packages/compiler-core/src/transforms/noopDirectiveTransform.ts
FN:3,(anonymous_0)
FNF:1
FNH:1
FNDA:4,(anonymous_0)
DA:3,42
LF:1
LH:1
BRF:0
BRH:0
end_of_record
TN:
SF:packages/compiler-core/src/transforms/transformElement.ts
FN:69,(anonymous_0)
FN:72,postTransformElement
FN:130,(anonymous_2)
FN:206,(anonymous_3)
FN:207,(anonymous_4)
FN:234,resolveComponentType
FN:304,resolveSetupReference
FN:312,(anonymous_7)
FN:346,buildProps
FN:373,(anonymous_9)
FN:499,(anonymous_10)
FN:501,(anonymous_11)
FN:664,dedupeProperties
FN:689,mergeAsArray
FN:700,buildDirectiveArgs
FN:740,(anonymous_15)
FN:750,stringifyDynamicPropNames
FN:759,isComponentTag
FNF:18
FNH:18
FNDA:1594,(anonymous_0)
FNDA:1592,postTransformElement
FNDA:33,(anonymous_2)
FNDA:2184,(anonymous_3)
FNDA:170,(anonymous_4)
FNDA:105,resolveComponentType
FNDA:83,resolveSetupReference
FNDA:328,(anonymous_7)
FNDA:435,buildProps
FNDA:200,(anonymous_9)
FNDA:19,(anonymous_10)
FNDA:15,(anonymous_11)
FNDA:294,dedupeProperties
FNDA:7,mergeAsArray
FNDA:33,buildDirectiveArgs
FNDA:5,(anonymous_15)
FNDA:76,stringifyDynamicPropNames
FNDA:342,isComponentTag
DA:2,42
DA:24,42
DA:34,42
DA:35,42
DA:46,42
DA:55,42
DA:56,42
DA:58,42
DA:66,42
DA:69,42
DA:72,1594
DA:73,1592
DA:75,1592
DA:82,901
DA:85,691
DA:86,691
DA:90,691
DA:95,691
DA:100,691
DA:107,691
DA:121,691
DA:122,319
DA:123,319
DA:124,319
DA:125,319
DA:126,319
DA:127,319
DA:130,33
DA:136,691
DA:137,295
DA:144,2
DA:146,2
DA:147,2
DA:148,0
DA:159,295
DA:165,295
DA:166,55
DA:167,55
DA:168,55
DA:169,12
DA:171,240
DA:172,213
DA:173,213
DA:176,213
DA:178,213
DA:182,14
DA:186,213
DA:187,93
DA:189,120
DA:192,27
DA:197,691
DA:198,156
DA:199,156
DA:201,0
DA:204,156
DA:206,2184
DA:207,170
DA:209,156
DA:212,0
DA:214,156
DA:215,76
DA:219,691
DA:234,42
DA:239,105
DA:242,105
DA:244,105
DA:245,105
DA:246,6
DA:251,0
DA:254,6
DA:257,6
DA:258,6
DA:266,99
DA:267,99
DA:270,32
DA:271,32
DA:277,67
DA:278,67
DA:279,67
DA:280,1
DA:285,66
DA:290,1
DA:294,1
DA:295,1
DA:299,65
DA:300,65
DA:301,65
DA:305,83
DA:306,83
DA:307,1
DA:310,82
DA:311,82
DA:312,82
DA:313,328
DA:314,1
DA:316,327
DA:317,0
DA:319,327
DA:320,0
DA:324,82
DA:325,82
DA:326,0
DA:333,82
DA:336,82
DA:337,1
DA:346,42
DA:357,435
DA:358,435
DA:359,435
DA:360,435
DA:361,435
DA:364,435
DA:365,435
DA:366,435
DA:367,435
DA:368,435
DA:369,435
DA:370,435
DA:371,435
DA:373,435
DA:374,200
DA:375,186
DA:376,186
DA:377,186
DA:388,13
DA:391,186
DA:392,1
DA:395,186
DA:402,65
DA:404,121
DA:405,2
DA:406,119
DA:407,7
DA:408,112
DA:409,4
DA:410,108
DA:411,102
DA:414,14
DA:418,435
DA:420,554
DA:421,554
DA:422,179
DA:423,179
DA:424,179
DA:425,1
DA:429,1
DA:430,0
DA:434,179
DA:438,3
DA:440,176
DA:456,375
DA:457,375
DA:458,375
DA:461,375
DA:462,18
DA:463,1
DA:467,18
DA:470,357
DA:471,7
DA:474,350
DA:478,3
DA:481,347
DA:482,1
DA:486,346
DA:487,124
DA:488,124
DA:489,123
DA:490,16
DA:493,16
DA:495,123
DA:496,120
DA:498,120
DA:499,120
DA:500,19
DA:501,15
DA:502,15
DA:506,1
DA:508,14
DA:516,4
DA:519,120
DA:520,15
DA:528,120
DA:534,0
DA:535,0
DA:539,120
DA:542,3
DA:550,1
DA:559,124
DA:562,222
DA:563,222
DA:565,206
DA:566,206
DA:567,206
DA:568,206
DA:569,18
DA:570,18
DA:571,17
DA:576,16
DA:580,398
DA:591,0
DA:600,435
DA:603,435
DA:604,118
DA:605,8
DA:609,118
DA:610,24
DA:617,94
DA:619,317
DA:620,270
DA:627,435
DA:628,131
DA:630,304
DA:631,6
DA:633,304
DA:634,4
DA:636,304
DA:637,80
DA:639,304
DA:640,13
DA:643,435
DA:647,19
DA:650,435
DA:665,294
DA:666,294
DA:667,294
DA:668,389
DA:670,389
DA:671,18
DA:672,18
DA:674,371
DA:675,371
DA:676,371
DA:677,7
DA:678,7
DA:682,364
DA:683,364
DA:686,294
DA:690,7
DA:691,1
DA:693,6
DA:704,33
DA:705,33
DA:706,33
DA:708,17
DA:712,16
DA:713,16
DA:714,0
DA:717,16
DA:718,16
DA:719,16
DA:722,33
DA:723,33
DA:724,33
DA:725,10
DA:726,0
DA:728,10
DA:730,33
DA:731,4
DA:732,3
DA:733,0
DA:735,3
DA:737,4
DA:738,4
DA:741,5
DA:747,33
DA:751,76
DA:752,76
DA:753,95
DA:754,95
DA:756,76
DA:760,342
LF:271
LH:257
BRDA:75,0,0,901
BRDA:75,0,1,691
BRDA:77,1,0,1592
BRDA:77,1,1,756
BRDA:77,1,2,140
BRDA:91,2,0,75
BRDA:91,2,1,616
BRDA:95,3,0,691
BRDA:95,3,1,4
BRDA:107,4,0,691
BRDA:107,4,1,687
BRDA:107,4,2,685
BRDA:107,4,3,682
BRDA:107,4,4,616
BRDA:107,4,5,614
BRDA:107,4,6,614
BRDA:121,5,0,319
BRDA:121,5,1,372
BRDA:129,6,0,29
BRDA:129,6,1,290
BRDA:128,7,0,319
BRDA:128,7,1,319
BRDA:136,8,0,295
BRDA:136,8,1,396
BRDA:137,9,0,2
BRDA:137,9,1,293
BRDA:147,10,0,0
BRDA:147,10,1,2
BRDA:147,11,0,2
BRDA:147,11,1,2
BRDA:159,12,0,295
BRDA:159,12,1,59
BRDA:159,12,2,57
BRDA:165,13,0,55
BRDA:165,13,1,240
BRDA:168,14,0,12
BRDA:168,14,1,43
BRDA:171,15,0,213
BRDA:171,15,1,27
BRDA:171,16,0,240
BRDA:171,16,1,215
BRDA:176,17,0,213
BRDA:176,17,1,201
BRDA:178,18,0,14
BRDA:178,18,1,199
BRDA:179,19,0,213
BRDA:179,19,1,26
BRDA:186,20,0,93
BRDA:186,20,1,120
BRDA:186,21,0,213
BRDA:186,21,1,187
BRDA:197,22,0,156
BRDA:197,22,1,535
BRDA:198,23,0,156
BRDA:198,23,1,0
BRDA:199,24,0,0
BRDA:199,24,1,156
BRDA:206,25,0,2184
BRDA:206,25,1,1872
BRDA:214,26,0,76
BRDA:214,26,1,80
BRDA:214,27,0,156
BRDA:214,27,1,136
BRDA:237,28,0,75
BRDA:244,29,0,105
BRDA:244,29,1,100
BRDA:244,29,2,99
BRDA:245,30,0,6
BRDA:245,30,1,99
BRDA:246,31,0,0
BRDA:246,31,1,6
BRDA:246,32,0,6
BRDA:246,32,1,1
BRDA:255,33,0,3
BRDA:255,33,1,3
BRDA:255,34,0,3
BRDA:255,34,1,3
BRDA:257,35,0,6
BRDA:257,35,1,0
BRDA:266,36,0,99
BRDA:266,36,1,83
BRDA:267,37,0,32
BRDA:267,37,1,67
BRDA:270,38,0,20
BRDA:270,38,1,12
BRDA:277,39,0,67
BRDA:277,39,1,0
BRDA:279,40,0,1
BRDA:279,40,1,66
BRDA:285,41,0,1
BRDA:285,41,1,65
BRDA:286,42,0,66
BRDA:286,42,1,66
BRDA:286,42,2,1
BRDA:306,43,0,1
BRDA:306,43,1,82
BRDA:306,44,0,83
BRDA:306,44,1,83
BRDA:313,45,0,1
BRDA:313,45,1,327
BRDA:316,46,0,0
BRDA:316,46,1,327
BRDA:319,47,0,0
BRDA:319,47,1,327
BRDA:325,48,0,0
BRDA:325,48,1,82
BRDA:328,49,0,0
BRDA:328,49,1,0
BRDA:333,50,0,82
BRDA:333,50,1,82
BRDA:333,50,2,82
BRDA:336,51,0,1
BRDA:336,51,1,81
BRDA:339,52,0,0
BRDA:339,52,1,1
BRDA:349,53,0,333
BRDA:350,54,0,341
BRDA:374,55,0,186
BRDA:374,55,1,14
BRDA:377,56,0,13
BRDA:377,56,1,173
BRDA:378,57,0,186
BRDA:378,57,1,171
BRDA:378,57,2,65
BRDA:378,57,3,38
BRDA:378,57,4,14
BRDA:391,58,0,1
BRDA:391,58,1,185
BRDA:391,59,0,186
BRDA:391,59,1,69
BRDA:395,60,0,65
BRDA:395,60,1,121
BRDA:396,61,0,186
BRDA:396,61,1,178
BRDA:396,61,2,56
BRDA:396,61,3,165
BRDA:404,62,0,2
BRDA:404,62,1,119
BRDA:406,63,0,7
BRDA:406,63,1,112
BRDA:406,64,0,119
BRDA:406,64,1,8
BRDA:408,65,0,4
BRDA:408,65,1,108
BRDA:408,66,0,112
BRDA:408,66,1,5
BRDA:410,67,0,102
BRDA:410,67,1,6
BRDA:410,68,0,108
BRDA:410,68,1,103
BRDA:421,69,0,179
BRDA:421,69,1,375
BRDA:424,70,0,1
BRDA:424,70,1,178
BRDA:429,71,0,0
BRDA:429,71,1,1
BRDA:429,72,0,1
BRDA:429,72,1,1
BRDA:434,73,0,3
BRDA:434,73,1,176
BRDA:435,74,0,179
BRDA:435,74,1,3
BRDA:435,74,2,0
BRDA:435,74,3,0
BRDA:448,75,0,174
BRDA:448,75,1,2
BRDA:450,76,0,174
BRDA:450,76,1,2
BRDA:461,77,0,18
BRDA:461,77,1,357
BRDA:462,78,0,1
BRDA:462,78,1,17
BRDA:470,79,0,7
BRDA:470,79,1,350
BRDA:474,80,0,3
BRDA:474,80,1,347
BRDA:475,81,0,350
BRDA:475,81,1,349
BRDA:475,81,2,234
BRDA:475,81,3,4
BRDA:481,82,0,1
BRDA:481,82,1,346
BRDA:481,83,0,347
BRDA:481,83,1,51
BRDA:486,84,0,124
BRDA:486,84,1,222
BRDA:486,85,0,346
BRDA:486,85,1,178
BRDA:486,85,2,57
BRDA:488,86,0,123
BRDA:488,86,1,1
BRDA:489,87,0,16
BRDA:489,87,1,107
BRDA:495,88,0,120
BRDA:495,88,1,3
BRDA:496,89,0,120
BRDA:496,89,1,0
BRDA:498,90,0,120
BRDA:498,90,1,0
BRDA:500,91,0,15
BRDA:500,91,1,4
BRDA:502,92,0,1
BRDA:502,92,1,14
BRDA:503,93,0,15
BRDA:503,93,1,15
BRDA:509,94,0,14
BRDA:509,94,1,12
BRDA:509,94,2,10
BRDA:519,95,0,15
BRDA:519,95,1,105
BRDA:528,96,0,0
BRDA:528,96,1,120
BRDA:553,97,0,1
BRDA:553,97,1,0
BRDA:563,98,0,206
BRDA:563,98,1,16
BRDA:566,99,0,206
BRDA:566,99,1,191
BRDA:568,100,0,18
BRDA:568,100,1,188
BRDA:570,101,0,17
BRDA:570,101,1,1
BRDA:580,102,0,0
BRDA:580,102,1,398
BRDA:581,103,0,398
BRDA:581,103,1,398
BRDA:581,103,2,176
BRDA:581,103,3,1
BRDA:581,103,4,0
BRDA:603,104,0,118
BRDA:603,104,1,317
BRDA:604,105,0,8
BRDA:604,105,1,110
BRDA:609,106,0,24
BRDA:609,106,1,94
BRDA:619,107,0,270
BRDA:619,107,1,47
BRDA:627,108,0,131
BRDA:627,108,1,304
BRDA:630,109,0,6
BRDA:630,109,1,298
BRDA:633,110,0,4
BRDA:633,110,1,300
BRDA:636,111,0,80
BRDA:636,111,1,224
BRDA:639,112,0,13
BRDA:639,112,1,291
BRDA:643,113,0,19
BRDA:643,113,1,416
BRDA:644,114,0,435
BRDA:644,114,1,220
BRDA:644,114,2,216
BRDA:644,114,3,213
BRDA:644,114,4,213
BRDA:670,115,0,18
BRDA:670,115,1,371
BRDA:670,116,0,389
BRDA:670,116,1,380
BRDA:676,117,0,7
BRDA:676,117,1,364
BRDA:677,118,0,7
BRDA:677,118,1,0
BRDA:677,119,0,7
BRDA:677,119,1,3
BRDA:677,119,2,1
BRDA:690,120,0,1
BRDA:690,120,1,6
BRDA:706,121,0,17
BRDA:706,121,1,16
BRDA:712,122,0,16
BRDA:712,122,1,16
BRDA:713,123,0,0
BRDA:713,123,1,16
BRDA:723,124,0,25
BRDA:723,124,1,8
BRDA:724,125,0,10
BRDA:724,125,1,23
BRDA:725,126,0,0
BRDA:725,126,1,10
BRDA:730,127,0,4
BRDA:730,127,1,29
BRDA:731,128,0,3
BRDA:731,128,1,1
BRDA:732,129,0,0
BRDA:732,129,1,3
BRDA:754,130,0,19
BRDA:754,130,1,76
BRF:287
BRH:262
end_of_record
TN:
SF:packages/compiler-core/src/transforms/transformExpression.ts
FN:45,(anonymous_0)
FN:92,processExpression
FN:114,(anonymous_2)
FN:247,(anonymous_3)
FN:248,(anonymous_4)
FN:253,(anonymous_5)
FN:285,(anonymous_6)
FN:287,(anonymous_7)
FN:316,(anonymous_8)
FN:319,(anonymous_9)
FN:334,(anonymous_10)
FN:335,(anonymous_11)
FN:375,(anonymous_12)
FN:379,(anonymous_13)
FN:384,(anonymous_14)
FN:387,shouldPrefix
FN:450,isInDestructureAssignment
FN:468,stringifyExpression
FNF:18
FNH:16
FNDA:1109,(anonymous_0)
FNDA:452,processExpression
FNDA:270,(anonymous_2)
FNDA:206,(anonymous_3)
FNDA:113,(anonymous_4)
FNDA:742,(anonymous_5)
FNDA:27,(anonymous_6)
FNDA:108,(anonymous_7)
FNDA:742,(anonymous_8)
FNDA:1,(anonymous_9)
FNDA:74,(anonymous_10)
FNDA:155,(anonymous_11)
FNDA:742,(anonymous_12)
FNDA:464,(anonymous_13)
FNDA:386,(anonymous_14)
FNDA:206,shouldPrefix
FNDA:0,isInDestructureAssignment
FNDA:0,stringifyExpression
DA:11,42
DA:20,42
DA:21,42
DA:28,42
DA:37,42
DA:38,42
DA:39,42
DA:40,42
DA:43,42
DA:45,42
DA:46,1109
DA:47,123
DA:51,986
DA:53,517
DA:54,331
DA:56,331
DA:57,230
DA:58,230
DA:61,230
DA:66,165
DA:73,230
DA:74,20
DA:92,42
DA:101,452
DA:102,0
DA:104,0
DA:106,0
DA:109,452
DA:110,15
DA:113,437
DA:114,437
DA:115,270
DA:116,270
DA:119,5
DA:122,5
DA:125,5
DA:127,5
DA:128,1
DA:129,4
DA:130,0
DA:131,4
DA:136,1
DA:139,3
DA:140,0
DA:146,0
DA:147,0
DA:148,0
DA:151,0
DA:154,0
DA:157,0
DA:158,0
DA:159,0
DA:160,0
DA:161,0
DA:164,0
DA:167,0
DA:173,0
DA:175,0
DA:177,3
DA:180,1
DA:183,265
DA:185,1
DA:186,264
DA:187,3
DA:191,263
DA:195,437
DA:197,437
DA:199,437
DA:200,316
DA:201,316
DA:202,316
DA:203,316
DA:206,192
DA:207,1
DA:209,192
DA:210,124
DA:211,72
DA:212,17
DA:214,55
DA:217,316
DA:226,121
DA:229,121
DA:230,121
DA:234,1
DA:242,1
DA:245,120
DA:246,120
DA:247,120
DA:248,206
DA:249,120
DA:252,120
DA:254,742
DA:255,742
DA:256,206
DA:258,206
DA:259,0
DA:262,206
DA:263,206
DA:264,78
DA:267,6
DA:269,78
DA:270,78
DA:271,128
DA:274,77
DA:275,2
DA:279,77
DA:282,536
DA:285,30
DA:286,27
DA:288,108
DA:300,28
DA:301,28
DA:302,0
DA:304,28
DA:305,3
DA:307,25
DA:309,28
DA:317,742
DA:318,742
DA:319,1
DA:320,1
DA:321,1
DA:322,1
DA:333,120
DA:334,120
DA:335,120
DA:337,155
DA:338,155
DA:339,155
DA:340,155
DA:341,155
DA:342,110
DA:344,155
DA:345,155
DA:357,155
DA:358,56
DA:363,120
DA:364,81
DA:366,39
DA:367,39
DA:371,120
DA:372,120
DA:375,42
DA:376,742
DA:379,42
DA:380,464
DA:384,42
DA:385,386
DA:389,206
DA:394,0
DA:397,206
DA:399,6
DA:400,1
DA:403,5
DA:404,3
DA:410,202
DA:411,51
DA:415,151
DA:419,0
DA:423,151
DA:429,14
DA:433,137
DA:434,0
DA:438,137
DA:439,1
DA:443,136
DA:444,0
DA:447,136
DA:451,0
DA:455,0
DA:456,0
DA:457,0
DA:458,0
DA:459,0
DA:460,0
DA:461,0
DA:465,0
DA:469,0
DA:470,0
DA:471,0
DA:472,0
DA:474,0
LF:182
LH:143
BRDA:46,0,0,123
BRDA:46,0,1,986
BRDA:51,1,0,517
BRDA:51,1,1,469
BRDA:56,2,0,230
BRDA:56,2,1,101
BRDA:56,3,0,331
BRDA:56,3,1,233
BRDA:61,4,0,165
BRDA:61,4,1,65
BRDA:62,5,0,230
BRDA:62,5,1,206
BRDA:62,5,2,205
BRDA:64,6,0,205
BRDA:64,6,1,42
BRDA:73,7,0,20
BRDA:73,7,1,210
BRDA:73,8,0,230
BRDA:73,8,1,133
BRDA:73,8,2,133
BRDA:97,9,0,214
BRDA:99,10,0,428
BRDA:101,11,0,0
BRDA:101,11,1,452
BRDA:102,12,0,0
BRDA:102,12,1,0
BRDA:109,13,0,15
BRDA:109,13,1,437
BRDA:109,14,0,452
BRDA:109,14,1,440
BRDA:115,15,0,270
BRDA:115,15,1,9
BRDA:116,16,0,5
BRDA:116,16,1,265
BRDA:119,17,0,5
BRDA:119,17,1,0
BRDA:119,17,2,0
BRDA:122,18,0,5
BRDA:122,18,1,0
BRDA:122,18,2,0
BRDA:125,19,0,5
BRDA:125,19,1,0
BRDA:127,20,0,1
BRDA:127,20,1,4
BRDA:129,21,0,0
BRDA:129,21,1,4
BRDA:131,22,0,1
BRDA:131,22,1,3
BRDA:137,23,0,0
BRDA:137,23,1,1
BRDA:136,24,0,1
BRDA:136,24,1,1
BRDA:136,24,2,1
BRDA:139,25,0,0
BRDA:139,25,1,3
BRDA:140,26,0,0
BRDA:140,26,1,0
BRDA:152,27,0,0
BRDA:152,27,1,0
BRDA:154,28,0,0
BRDA:154,28,1,0
BRDA:160,29,0,0
BRDA:160,29,1,0
BRDA:161,30,0,0
BRDA:161,30,1,0
BRDA:165,31,0,0
BRDA:165,31,1,0
BRDA:167,32,0,0
BRDA:167,32,1,0
BRDA:177,33,0,1
BRDA:177,33,1,2
BRDA:183,34,0,1
BRDA:183,34,1,264
BRDA:183,35,0,265
BRDA:183,35,1,4
BRDA:186,36,0,3
BRDA:186,36,1,261
BRDA:197,37,0,437
BRDA:197,37,1,414
BRDA:199,38,0,316
BRDA:199,38,1,121
BRDA:203,39,0,192
BRDA:203,39,1,124
BRDA:203,40,0,316
BRDA:203,40,1,260
BRDA:203,40,2,209
BRDA:203,40,3,209
BRDA:206,41,0,1
BRDA:206,41,1,191
BRDA:210,42,0,72
BRDA:210,42,1,52
BRDA:211,43,0,17
BRDA:211,43,1,55
BRDA:227,44,0,1
BRDA:227,44,1,120
BRDA:228,45,0,21
BRDA:228,45,1,99
BRDA:254,46,0,742
BRDA:254,46,1,622
BRDA:255,47,0,206
BRDA:255,47,1,536
BRDA:256,48,0,206
BRDA:256,48,1,0
BRDA:258,49,0,0
BRDA:258,49,1,206
BRDA:258,50,0,206
BRDA:258,50,1,206
BRDA:263,51,0,78
BRDA:263,51,1,128
BRDA:263,52,0,206
BRDA:263,52,1,122
BRDA:264,53,0,6
BRDA:264,53,1,72
BRDA:264,54,0,78
BRDA:264,54,1,10
BRDA:271,55,0,77
BRDA:271,55,1,51
BRDA:274,56,0,2
BRDA:274,56,1,75
BRDA:274,57,0,77
BRDA:274,57,1,19
BRDA:274,58,0,77
BRDA:274,58,1,58
BRDA:282,59,0,30
BRDA:282,59,1,506
BRDA:288,60,0,28
BRDA:288,60,1,80
BRDA:289,61,0,108
BRDA:289,61,1,56
BRDA:289,61,2,32
BRDA:295,62,0,32
BRDA:295,62,1,29
BRDA:295,62,2,8
BRDA:301,63,0,0
BRDA:301,63,1,28
BRDA:301,64,0,28
BRDA:301,64,1,1
BRDA:304,65,0,3
BRDA:304,65,1,25
BRDA:309,66,0,28
BRDA:309,66,1,27
BRDA:317,67,0,742
BRDA:317,67,1,622
BRDA:318,68,0,1
BRDA:318,68,1,741
BRDA:318,69,0,742
BRDA:318,69,1,622
BRDA:321,70,0,1
BRDA:321,70,1,0
BRDA:340,71,0,74
BRDA:340,71,1,81
BRDA:341,72,0,110
BRDA:341,72,1,45
BRDA:341,73,0,155
BRDA:341,73,1,45
BRDA:342,74,0,110
BRDA:342,74,1,104
BRDA:354,75,0,2
BRDA:354,75,1,153
BRDA:357,76,0,56
BRDA:357,76,1,99
BRDA:357,77,0,155
BRDA:357,77,1,81
BRDA:363,78,0,81
BRDA:363,78,1,39
BRDA:368,79,0,0
BRDA:368,79,1,39
BRDA:380,80,0,464
BRDA:380,80,1,461
BRDA:380,80,2,250
BRDA:380,80,3,213
BRDA:385,81,0,386
BRDA:385,81,1,199
BRDA:389,82,0,0
BRDA:389,82,1,206
BRDA:390,83,0,206
BRDA:390,83,1,206
BRDA:390,83,2,0
BRDA:397,84,0,6
BRDA:397,84,1,200
BRDA:399,85,0,1
BRDA:399,85,1,5
BRDA:403,86,0,3
BRDA:403,86,1,2
BRDA:410,87,0,51
BRDA:410,87,1,151
BRDA:415,88,0,0
BRDA:415,88,1,151
BRDA:416,89,0,151
BRDA:416,89,1,0
BRDA:423,90,0,14
BRDA:423,90,1,137
BRDA:424,91,0,151
BRDA:424,91,1,120
BRDA:424,91,2,34
BRDA:424,91,3,18
BRDA:433,92,0,0
BRDA:433,92,1,137
BRDA:438,93,0,1
BRDA:438,93,1,136
BRDA:443,94,0,0
BRDA:443,94,1,136
BRDA:451,95,0,0
BRDA:451,95,1,0
BRDA:452,96,0,0
BRDA:452,96,1,0
BRDA:452,96,2,0
BRDA:458,97,0,0
BRDA:458,97,1,0
BRDA:460,98,0,0
BRDA:460,98,1,0
BRDA:460,99,0,0
BRDA:460,99,1,0
BRDA:469,100,0,0
BRDA:469,100,1,0
BRDA:471,101,0,0
BRDA:471,101,1,0
BRF:217
BRH:166
end_of_record
TN:
SF:packages/compiler-core/src/transforms/transformSlotOutlet.ts
FN:16,(anonymous_0)
FN:60,processSlotOutlet
FNF:2
FNH:2
FNDA:1023,(anonymous_0)
FNDA:31,processSlotOutlet
DA:2,42
DA:10,42
DA:11,42
DA:12,42
DA:13,42
DA:14,42
DA:16,42
DA:17,1023
DA:18,23
DA:19,23
DA:21,23
DA:26,23
DA:27,5
DA:30,23
DA:31,4
DA:32,2
DA:34,4
DA:37,23
DA:38,1
DA:39,1
DA:41,1
DA:42,1
DA:44,1
DA:47,23
DA:60,42
DA:64,31
DA:65,31
DA:67,31
DA:68,31
DA:69,23
DA:70,23
DA:71,10
DA:72,10
DA:73,6
DA:75,4
DA:76,4
DA:80,13
DA:81,4
DA:83,9
DA:84,7
DA:86,9
DA:91,31
DA:92,8
DA:93,8
DA:95,8
DA:96,1
DA:105,31
LF:47
LH:47
BRDA:17,0,0,23
BRDA:17,0,1,1000
BRDA:22,1,0,2
BRDA:22,1,1,21
BRDA:26,2,0,5
BRDA:26,2,1,18
BRDA:30,3,0,4
BRDA:30,3,1,19
BRDA:31,4,0,2
BRDA:31,4,1,2
BRDA:37,5,0,1
BRDA:37,5,1,22
BRDA:37,6,0,23
BRDA:37,6,1,2
BRDA:38,7,0,1
BRDA:38,7,1,0
BRDA:41,8,0,1
BRDA:41,8,1,0
BRDA:70,9,0,10
BRDA:70,9,1,13
BRDA:71,10,0,10
BRDA:71,10,1,0
BRDA:72,11,0,6
BRDA:72,11,1,4
BRDA:80,12,0,4
BRDA:80,12,1,9
BRDA:80,13,0,13
BRDA:80,13,1,11
BRDA:81,14,0,4
BRDA:81,14,1,0
BRDA:83,15,0,7
BRDA:83,15,1,2
BRDA:83,16,0,9
BRDA:83,16,1,7
BRDA:83,16,2,7
BRDA:91,17,0,8
BRDA:91,17,1,23
BRDA:95,18,0,1
BRDA:95,18,1,7
BRF:39
BRH:35
end_of_record
TN:
SF:packages/compiler-core/src/transforms/transformText.ts
FN:17,(anonymous_0)
FN:26,(anonymous_1)
FN:73,(anonymous_2)
FNF:3
FNH:3
FNDA:811,(anonymous_0)
FNDA:612,(anonymous_1)
FNDA:42,(anonymous_2)
DA:2,42
DA:10,42
DA:11,42
DA:12,42
DA:13,42
DA:17,42
DA:18,811
DA:26,614
DA:27,612
DA:28,612
DA:29,612
DA:31,612
DA:32,572
DA:33,572
DA:34,121
DA:35,121
DA:36,61
DA:37,61
DA:38,51
DA:39,22
DA:46,51
DA:47,51
DA:48,51
DA:50,10
DA:51,10
DA:57,612
DA:74,42
DA:82,586
DA:87,26
DA:88,44
DA:89,44
DA:90,27
DA:93,27
DA:94,27
DA:97,27
DA:101,11
DA:106,27
LF:37
LH:37
BRDA:18,0,0,614
BRDA:18,0,1,197
BRDA:19,1,0,811
BRDA:19,1,1,658
BRDA:19,1,2,242
BRDA:19,1,3,227
BRDA:33,2,0,121
BRDA:33,2,1,451
BRDA:37,3,0,51
BRDA:37,3,1,10
BRDA:38,4,0,22
BRDA:38,4,1,29
BRDA:57,5,0,586
BRDA:57,5,1,26
BRDA:58,6,0,612
BRDA:58,6,1,120
BRDA:58,6,2,111
BRDA:58,6,3,105
BRDA:58,6,4,101
BRDA:58,6,5,89
BRDA:58,6,6,88
BRDA:74,7,0,42
BRDA:74,7,1,15
BRDA:80,8,0,88
BRDA:80,8,1,88
BRDA:89,9,0,27
BRDA:89,9,1,17
BRDA:89,10,0,44
BRDA:89,10,1,22
BRDA:93,11,0,27
BRDA:93,11,1,0
BRDA:93,12,0,27
BRDA:93,12,1,16
BRDA:97,13,0,11
BRDA:97,13,1,16
BRDA:98,14,0,27
BRDA:98,14,1,27
BRDA:103,15,0,11
BRDA:103,15,1,0
BRF:39
BRH:37
end_of_record
TN:
SF:packages/compiler-core/src/transforms/vBind.ts
FN:10,(anonymous_0)
FNF:1
FNH:1
FNDA:124,(anonymous_0)
DA:2,42
DA:3,42
DA:4,42
DA:5,42
DA:10,42
DA:11,124
DA:12,124
DA:14,124
DA:15,1
DA:16,1
DA:17,123
DA:18,7
DA:23,124
DA:24,3
DA:25,2
DA:26,1
DA:28,1
DA:31,1
DA:32,1
DA:36,124
DA:40,1
DA:41,1
DA:46,123
LF:23
LH:23
BRDA:14,0,0,1
BRDA:14,0,1,123
BRDA:17,1,0,7
BRDA:17,1,1,116
BRDA:23,2,0,3
BRDA:23,2,1,121
BRDA:24,3,0,2
BRDA:24,3,1,1
BRDA:25,4,0,1
BRDA:25,4,1,1
BRDA:36,5,0,1
BRDA:36,5,1,123
BRDA:37,6,0,124
BRDA:37,6,1,123
BRDA:37,6,2,120
BRF:15
BRH:15
end_of_record
TN:
SF:packages/compiler-core/src/transforms/vFor.ts
FN:50,(anonymous_0)
FN:52,(anonymous_1)
FN:102,(anonymous_2)
FN:110,(anonymous_3)
FN:199,processFor
FN:254,(anonymous_5)
FN:278,parseForExpression
FN:380,createAliasExpression
FN:392,createForLoopParams
FNF:9
FNH:9
FNDA:74,(anonymous_0)
FNDA:69,(anonymous_1)
FNDA:69,(anonymous_2)
FNDA:11,(anonymous_3)
FNDA:90,processFor
FNDA:85,(anonymous_5)
FNDA:93,parseForExpression
FNDA:200,createAliasExpression
FNDA:89,createForLoopParams
DA:1,42
DA:5,42
DA:29,42
DA:30,42
DA:37,42
DA:44,42
DA:45,42
DA:46,42
DA:48,42
DA:51,74
DA:52,74
DA:55,69
DA:58,69
DA:59,69
DA:68,69
DA:74,2
DA:81,69
DA:83,69
DA:88,69
DA:102,69
DA:105,69
DA:106,69
DA:109,69
DA:110,10
DA:111,11
DA:112,6
DA:113,6
DA:114,1
DA:120,1
DA:127,69
DA:128,69
DA:136,69
DA:138,3
DA:139,3
DA:143,0
DA:145,66
DA:148,6
DA:164,60
DA:166,60
DA:167,2
DA:169,60
DA:170,55
DA:172,0
DA:173,0
DA:176,55
DA:179,60
DA:180,60
DA:181,59
DA:182,59
DA:184,1
DA:188,69
DA:199,42
DA:205,90
DA:206,1
DA:209,1
DA:212,89
DA:219,89
DA:220,4
DA:223,4
DA:226,85
DA:227,85
DA:229,85
DA:240,85
DA:243,85
DA:244,85
DA:247,39
DA:248,39
DA:249,39
DA:252,85
DA:254,85
DA:255,85
DA:256,85
DA:257,39
DA:258,39
DA:259,39
DA:261,85
DA:265,42
DA:268,42
DA:269,42
DA:278,42
DA:282,93
DA:283,93
DA:284,93
DA:285,93
DA:287,89
DA:289,89
DA:299,89
DA:300,43
DA:305,89
DA:306,0
DA:309,89
DA:312,89
DA:314,89
DA:315,89
DA:316,20
DA:318,20
DA:320,20
DA:321,13
DA:322,13
DA:323,13
DA:324,5
DA:326,13
DA:327,0
DA:335,20
DA:336,13
DA:338,13
DA:339,13
DA:349,13
DA:350,1
DA:352,13
DA:353,0
DA:363,89
DA:364,85
DA:365,85
DA:366,43
DA:368,85
DA:369,0
DA:377,89
DA:385,200
DA:392,42
DA:397,89
DA:398,89
DA:399,85
DA:401,89
DA:402,13
DA:403,1
DA:405,13
DA:407,89
DA:408,13
DA:409,7
DA:410,3
DA:412,7
DA:414,13
DA:416,89
LF:134
LH:127
BRDA:60,0,0,7
BRDA:60,0,1,62
BRDA:63,1,0,0
BRDA:63,1,1,7
BRDA:68,2,0,2
BRDA:68,2,1,67
BRDA:68,3,0,69
BRDA:68,3,1,69
BRDA:68,3,2,23
BRDA:81,4,0,69
BRDA:81,4,1,68
BRDA:84,5,0,1
BRDA:84,5,1,68
BRDA:86,6,0,7
BRDA:86,6,1,61
BRDA:94,7,0,69
BRDA:94,7,1,0
BRDA:109,8,0,10
BRDA:109,8,1,59
BRDA:109,9,0,69
BRDA:109,9,1,0
BRDA:109,9,2,69
BRDA:111,10,0,6
BRDA:111,10,1,5
BRDA:113,11,0,1
BRDA:113,11,1,5
BRDA:127,12,0,69
BRDA:127,12,1,66
BRDA:129,13,0,2
BRDA:129,13,1,67
BRDA:133,14,0,1
BRDA:133,14,1,66
BRDA:130,15,0,67
BRDA:130,15,1,10
BRDA:130,15,2,7
BRDA:136,16,0,3
BRDA:136,16,1,66
BRDA:139,17,0,0
BRDA:139,17,1,3
BRDA:139,18,0,3
BRDA:139,18,1,1
BRDA:145,19,0,6
BRDA:145,19,1,60
BRDA:151,20,0,2
BRDA:151,20,1,4
BRDA:155,21,0,6
BRDA:155,21,1,0
BRDA:166,22,0,2
BRDA:166,22,1,58
BRDA:166,23,0,60
BRDA:166,23,1,3
BRDA:169,24,0,55
BRDA:169,24,1,5
BRDA:170,25,0,0
BRDA:170,25,1,55
BRDA:180,26,0,59
BRDA:180,26,1,1
BRDA:205,27,0,1
BRDA:205,27,1,89
BRDA:219,28,0,4
BRDA:219,28,1,85
BRDA:237,29,0,13
BRDA:237,29,1,72
BRDA:244,30,0,39
BRDA:244,30,1,46
BRDA:244,31,0,85
BRDA:244,31,1,85
BRDA:247,32,0,39
BRDA:247,32,1,39
BRDA:248,33,0,39
BRDA:248,33,1,5
BRDA:249,34,0,39
BRDA:249,34,1,1
BRDA:252,35,0,85
BRDA:252,35,1,69
BRDA:256,36,0,39
BRDA:256,36,1,46
BRDA:256,37,0,85
BRDA:256,37,1,85
BRDA:257,38,0,39
BRDA:257,38,1,39
BRDA:258,39,0,39
BRDA:258,39,1,5
BRDA:259,40,0,39
BRDA:259,40,1,1
BRDA:261,41,0,69
BRDA:261,41,1,16
BRDA:285,42,0,4
BRDA:285,42,1,89
BRDA:299,43,0,43
BRDA:299,43,1,46
BRDA:299,44,0,89
BRDA:299,44,1,89
BRDA:305,45,0,0
BRDA:305,45,1,89
BRDA:305,46,0,89
BRDA:305,46,1,89
BRDA:315,47,0,20
BRDA:315,47,1,69
BRDA:320,48,0,13
BRDA:320,48,1,7
BRDA:323,49,0,5
BRDA:323,49,1,8
BRDA:323,50,0,13
BRDA:323,50,1,13
BRDA:326,51,0,0
BRDA:326,51,1,13
BRDA:326,52,0,13
BRDA:326,52,1,13
BRDA:335,53,0,13
BRDA:335,53,1,7
BRDA:338,54,0,13
BRDA:338,54,1,0
BRDA:345,55,0,6
BRDA:345,55,1,7
BRDA:349,56,0,1
BRDA:349,56,1,12
BRDA:349,57,0,13
BRDA:349,57,1,13
BRDA:352,58,0,0
BRDA:352,58,1,13
BRDA:352,59,0,13
BRDA:352,59,1,13
BRDA:363,60,0,85
BRDA:363,60,1,4
BRDA:365,61,0,43
BRDA:365,61,1,42
BRDA:365,62,0,85
BRDA:365,62,1,85
BRDA:368,63,0,0
BRDA:368,63,1,85
BRDA:368,64,0,85
BRDA:368,64,1,85
BRDA:398,65,0,85
BRDA:398,65,1,4
BRDA:401,66,0,13
BRDA:401,66,1,76
BRDA:402,67,0,1
BRDA:402,67,1,12
BRDA:407,68,0,13
BRDA:407,68,1,76
BRDA:408,69,0,7
BRDA:408,69,1,6
BRDA:409,70,0,3
BRDA:409,70,1,4
BRF:145
BRH:134
end_of_record
TN:
SF:packages/compiler-core/src/transforms/vIf.ts
FN:42,(anonymous_0)
FN:43,(anonymous_1)
FN:59,(anonymous_2)
FN:81,processIf
FN:166,(anonymous_4)
FN:199,createIfBranch
FN:212,createCodegenNodeForBranch
FN:233,createChildrenCodegenNode
FN:265,(anonymous_8)
FN:300,isSameKey
FN:329,getParentCondition
FNF:11
FNH:11
FNDA:86,(anonymous_0)
FNDA:80,(anonymous_1)
FNDA:80,(anonymous_2)
FNDA:106,processIf
FNDA:2,(anonymous_4)
FNDA:100,createIfBranch
FNDA:80,createCodegenNodeForBranch
FNDA:80,createChildrenCodegenNode
FNDA:23,(anonymous_8)
FNDA:2,isSameKey
FNDA:30,getParentCondition
DA:1,42
DA:6,42
DA:27,42
DA:28,42
DA:29,42
DA:30,42
DA:37,42
DA:38,42
DA:40,42
DA:43,86
DA:47,80
DA:48,80
DA:49,80
DA:50,80
DA:51,99
DA:52,99
DA:53,5
DA:59,80
DA:60,80
DA:61,50
DA:68,30
DA:69,30
DA:81,42
DA:91,106
DA:95,0
DA:96,0
DA:99,0
DA:102,106
DA:105,21
DA:108,106
DA:109,0
DA:112,106
DA:113,64
DA:114,64
DA:119,64
DA:120,64
DA:121,50
DA:125,42
DA:126,42
DA:127,42
DA:128,42
DA:129,50
DA:130,50
DA:131,6
DA:132,6
DA:133,6
DA:136,44
DA:141,2
DA:142,2
DA:145,42
DA:147,36
DA:148,36
DA:149,36
DA:159,4
DA:163,36
DA:164,36
DA:165,36
DA:166,2
DA:167,2
DA:168,2
DA:179,36
DA:180,36
DA:183,36
DA:185,36
DA:188,36
DA:190,6
DA:194,42
DA:200,100
DA:217,80
DA:218,59
DA:229,21
DA:238,80
DA:239,80
DA:248,80
DA:249,80
DA:251,80
DA:252,80
DA:253,19
DA:255,4
DA:256,4
DA:257,4
DA:259,15
DA:260,15
DA:263,15
DA:265,23
DA:267,9
DA:268,9
DA:271,15
DA:285,61
DA:288,61
DA:289,56
DA:290,56
DA:291,56
DA:292,56
DA:295,61
DA:296,61
DA:304,2
DA:305,0
DA:307,2
DA:308,1
DA:309,0
DA:313,1
DA:314,1
DA:315,1
DA:316,0
DA:318,1
DA:323,0
DA:326,2
DA:332,30
DA:333,38
DA:334,37
DA:335,7
DA:337,30
DA:339,1
DA:340,1
LF:115
LH:107
BRDA:52,0,0,5
BRDA:52,0,1,94
BRDA:52,1,0,99
BRDA:52,1,1,19
BRDA:60,2,0,50
BRDA:60,2,1,30
BRDA:91,3,0,0
BRDA:91,3,1,106
BRDA:92,4,0,106
BRDA:92,4,1,78
BRDA:92,4,2,78
BRDA:95,5,0,0
BRDA:95,5,1,0
BRDA:102,6,0,21
BRDA:102,6,1,85
BRDA:102,7,0,106
BRDA:102,7,1,106
BRDA:102,7,2,27
BRDA:108,8,0,0
BRDA:108,8,1,106
BRDA:108,9,0,106
BRDA:108,9,1,106
BRDA:108,9,2,0
BRDA:112,10,0,64
BRDA:112,10,1,42
BRDA:120,11,0,50
BRDA:120,11,1,14
BRDA:130,12,0,6
BRDA:130,12,1,44
BRDA:130,13,0,50
BRDA:130,13,1,50
BRDA:130,13,2,48
BRDA:136,14,0,2
BRDA:136,14,1,42
BRDA:137,15,0,44
BRDA:137,15,1,42
BRDA:137,15,2,4
BRDA:145,16,0,36
BRDA:145,16,1,6
BRDA:145,17,0,42
BRDA:145,17,1,40
BRDA:149,18,0,4
BRDA:149,18,1,32
BRDA:150,19,0,36
BRDA:150,19,1,36
BRDA:150,19,2,6
BRDA:154,20,0,6
BRDA:154,20,1,6
BRDA:154,20,2,3
BRDA:163,21,0,36
BRDA:163,21,1,0
BRDA:163,22,0,36
BRDA:163,22,1,0
BRDA:165,23,0,2
BRDA:165,23,1,34
BRDA:167,24,0,2
BRDA:167,24,1,0
BRDA:180,25,0,36
BRDA:180,25,1,30
BRDA:185,26,0,30
BRDA:185,26,1,6
BRDA:203,27,0,25
BRDA:203,27,1,75
BRDA:206,28,0,20
BRDA:206,28,1,80
BRDA:205,29,0,100
BRDA:205,29,1,21
BRDA:217,30,0,59
BRDA:217,30,1,21
BRDA:224,31,0,59
BRDA:224,31,1,0
BRDA:251,32,0,80
BRDA:251,32,1,70
BRDA:252,33,0,19
BRDA:252,33,1,61
BRDA:253,34,0,4
BRDA:253,34,1,15
BRDA:253,35,0,19
BRDA:253,35,1,9
BRDA:263,36,0,9
BRDA:263,36,1,6
BRDA:264,37,0,15
BRDA:264,37,1,15
BRDA:276,38,0,15
BRDA:276,38,1,0
BRDA:288,39,0,56
BRDA:288,39,1,5
BRDA:288,40,0,61
BRDA:288,40,1,58
BRDA:304,41,0,0
BRDA:304,41,1,2
BRDA:304,42,0,2
BRDA:304,42,1,2
BRDA:307,43,0,1
BRDA:307,43,1,1
BRDA:308,44,0,0
BRDA:308,44,1,1
BRDA:315,45,0,0
BRDA:315,45,1,1
BRDA:318,46,0,0
BRDA:318,46,1,1
BRDA:319,47,0,1
BRDA:319,47,1,1
BRDA:319,47,2,1
BRDA:333,48,0,37
BRDA:333,48,1,1
BRDA:334,49,0,7
BRDA:334,49,1,30
BRDA:339,50,0,1
BRDA:339,50,1,0
BRF:110
BRH:95
end_of_record
TN:
SF:packages/compiler-core/src/transforms/vModel.ts
FN:22,(anonymous_0)
FN:119,(anonymous_1)
FN:142,createTransformProps
FNF:3
FNH:3
FNDA:35,(anonymous_0)
FNDA:4,(anonymous_1)
FNDA:35,createTransformProps
DA:2,42
DA:12,42
DA:13,42
DA:19,42
DA:22,42
DA:23,35
DA:24,35
DA:25,1
DA:28,1
DA:31,34
DA:33,34
DA:37,34
DA:39,34
DA:44,34
DA:45,2
DA:48,2
DA:51,32
DA:57,1
DA:60,1
DA:63,31
DA:64,31
DA:71,31
DA:72,31
DA:73,0
DA:75,0
DA:84,0
DA:85,0
DA:92,31
DA:99,31
DA:107,31
DA:113,1
DA:117,31
DA:118,3
DA:119,4
DA:121,3
DA:126,3
DA:139,31
DA:143,35
LF:38
LH:34
BRDA:24,0,0,1
BRDA:24,0,1,34
BRDA:33,1,0,31
BRDA:33,1,1,3
BRDA:39,2,0,34
BRDA:39,2,1,34
BRDA:39,2,2,0
BRDA:39,2,3,0
BRDA:44,3,0,2
BRDA:44,3,1,32
BRDA:44,4,0,34
BRDA:44,4,1,2
BRDA:51,5,0,1
BRDA:51,5,1,31
BRDA:52,6,0,32
BRDA:52,6,1,32
BRDA:52,6,2,10
BRDA:52,6,3,1
BRDA:63,7,0,6
BRDA:63,7,1,25
BRDA:65,8,0,6
BRDA:65,8,1,25
BRDA:66,9,0,4
BRDA:66,9,1,2
BRDA:71,10,0,0
BRDA:71,10,1,31
BRDA:72,11,0,0
BRDA:72,11,1,31
BRDA:73,12,0,0
BRDA:73,12,1,0
BRDA:84,13,0,0
BRDA:84,13,1,0
BRDA:107,14,0,1
BRDA:107,14,1,30
BRDA:108,15,0,31
BRDA:108,15,1,31
BRDA:108,15,2,9
BRDA:108,15,3,2
BRDA:117,16,0,3
BRDA:117,16,1,28
BRDA:117,17,0,31
BRDA:117,17,1,6
BRDA:119,18,0,3
BRDA:119,18,1,1
BRDA:122,19,0,2
BRDA:122,19,1,1
BRDA:123,20,0,2
BRDA:123,20,1,0
BRDA:142,21,0,4
BRF:49
BRH:40
end_of_record
TN:
SF:packages/compiler-core/src/transforms/vOn.ts
FN:31,(anonymous_0)
FNF:1
FNH:1
FNDA:46,(anonymous_0)
DA:2,42
DA:12,42
DA:13,42
DA:14,42
DA:15,42
DA:16,42
DA:17,42
DA:19,42
DA:31,42
DA:37,46
DA:38,46
DA:39,1
DA:42,46
DA:43,45
DA:44,40
DA:46,40
DA:53,5
DA:61,1
DA:62,1
DA:63,1
DA:67,46
DA:70,46
DA:71,0
DA:73,46
DA:74,46
DA:75,43
DA:76,43
DA:77,43
DA:80,43
DA:81,24
DA:82,24
DA:88,24
DA:91,24
DA:109,24
DA:110,4
DA:111,3
DA:113,1
DA:118,43
DA:119,0
DA:127,43
DA:129,12
DA:145,46
DA:155,46
DA:156,14
DA:159,46
DA:163,7
DA:166,46
LF:47
LH:45
BRDA:38,0,0,1
BRDA:38,0,1,45
BRDA:38,1,0,46
BRDA:38,1,1,3
BRDA:42,2,0,45
BRDA:42,2,1,1
BRDA:43,3,0,40
BRDA:43,3,1,5
BRDA:70,4,0,0
BRDA:70,4,1,46
BRDA:70,5,0,46
BRDA:70,5,1,43
BRDA:73,6,0,46
BRDA:73,6,1,8
BRDA:74,7,0,43
BRDA:74,7,1,3
BRDA:76,8,0,43
BRDA:76,8,1,13
BRDA:80,9,0,24
BRDA:80,9,1,19
BRDA:80,10,0,43
BRDA:80,10,1,43
BRDA:81,11,0,24
BRDA:81,11,1,5
BRDA:88,12,0,24
BRDA:88,12,1,5
BRDA:92,13,0,24
BRDA:92,13,1,7
BRDA:92,13,2,7
BRDA:92,13,3,6
BRDA:95,14,0,7
BRDA:95,14,1,4
BRDA:101,15,0,7
BRDA:101,15,1,5
BRDA:109,16,0,4
BRDA:109,16,1,20
BRDA:109,17,0,24
BRDA:109,17,1,6
BRDA:110,18,0,3
BRDA:110,18,1,1
BRDA:118,19,0,0
BRDA:118,19,1,43
BRDA:118,20,0,43
BRDA:118,20,1,43
BRDA:127,21,0,12
BRDA:127,21,1,31
BRDA:127,22,0,43
BRDA:127,22,1,35
BRDA:127,22,2,5
BRDA:132,23,0,8
BRDA:132,23,1,4
BRDA:133,24,0,0
BRDA:133,24,1,8
BRDA:132,25,0,8
BRDA:132,25,1,8
BRDA:136,26,0,0
BRDA:136,26,1,4
BRDA:136,27,0,4
BRDA:136,27,1,4
BRDA:138,28,0,3
BRDA:138,28,1,9
BRDA:140,29,0,3
BRDA:140,29,1,9
BRDA:149,30,0,46
BRDA:149,30,1,3
BRDA:155,31,0,14
BRDA:155,31,1,32
BRDA:159,32,0,7
BRDA:159,32,1,39
BRF:69
BRH:65
end_of_record
TN:
SF:packages/compiler-core/src/transforms/vOnce.ts
FN:8,(anonymous_0)
FN:15,(anonymous_1)
FNF:2
FNH:2
FNDA:486,(anonymous_0)
FNDA:7,(anonymous_1)
DA:2,42
DA:4,42
DA:6,42
DA:8,42
DA:9,486
DA:10,9
DA:11,2
DA:13,7
DA:14,7
DA:15,7
DA:16,7
DA:17,7
DA:18,7
LF:13
LH:13
BRDA:9,0,0,9
BRDA:9,0,1,477
BRDA:9,1,0,486
BRDA:9,1,1,267
BRDA:10,2,0,2
BRDA:10,2,1,7
BRDA:17,3,0,7
BRDA:17,3,1,0
BRF:8
BRH:7
end_of_record
TN:
SF:packages/compiler-core/src/transforms/vSlot.ts
FN:47,(anonymous_0)
FN:62,(anonymous_1)
FN:74,(anonymous_2)
FN:92,(anonymous_3)
FN:107,(anonymous_4)
FN:118,buildSlots
FN:300,(anonymous_6)
FN:319,(anonymous_7)
FN:370,buildDynamicSlot
FN:380,hasForwardedSlots
FN:407,isNonWhitespaceContent
FNF:11
FNH:11
FNDA:1093,(anonymous_0)
FNDA:31,(anonymous_1)
FNDA:844,(anonymous_2)
FNDA:3,(anonymous_3)
FNDA:67,(anonymous_4)
FNDA:80,buildSlots
FNDA:37,(anonymous_6)
FNDA:7,(anonymous_7)
FNDA:12,buildDynamicSlot
FNDA:140,hasForwardedSlots
FNDA:7,isNonWhitespaceContent
DA:1,42
DA:25,42
DA:26,42
DA:34,42
DA:35,42
DA:36,42
DA:38,42
DA:47,42
DA:48,1093
DA:55,130
DA:56,130
DA:57,31
DA:58,31
DA:59,28
DA:61,31
DA:62,31
DA:63,31
DA:64,28
DA:66,31
DA:74,42
DA:76,844
DA:81,3
DA:85,3
DA:86,3
DA:87,3
DA:88,3
DA:89,3
DA:90,3
DA:92,3
DA:93,3
[...]
FN:4,(anonymous_1)
FN:7,(anonymous_2)
FN:8,(anonymous_3)
FN:9,(anonymous_4)
FN:10,(anonymous_5)
FN:12,(anonymous_6)
FN:13,(anonymous_7)
FN:14,(anonymous_8)
FN:15,(anonymous_9)
FN:16,(anonymous_10)
FN:18,(anonymous_11)
FN:19,(anonymous_12)
FN:20,(anonymous_13)
FN:24,(anonymous_14)
FN:25,(anonymous_15)
FN:26,(anonymous_16)
FN:27,(anonymous_17)
FNF:18
FNH:0
FNDA:0,(anonymous_0)
FNDA:0,(anonymous_1)
FNDA:0,(anonymous_2)
FNDA:0,(anonymous_3)
FNDA:0,(anonymous_4)
FNDA:0,(anonymous_5)
FNDA:0,(anonymous_6)
FNDA:0,(anonymous_7)
FNDA:0,(anonymous_8)
FNDA:0,(anonymous_9)
FNDA:0,(anonymous_10)
FNDA:0,(anonymous_11)
FNDA:0,(anonymous_12)
FNDA:0,(anonymous_13)
FNDA:0,(anonymous_14)
FNDA:0,(anonymous_15)
FNDA:0,(anonymous_16)
FNDA:0,(anonymous_17)
DA:3,0
DA:4,0
DA:7,0
DA:8,0
DA:9,0
DA:10,0
DA:11,0
DA:12,0
DA:13,0
DA:14,0
DA:15,0
DA:16,0
DA:18,0
DA:19,0
DA:20,0
DA:23,0
DA:24,0
DA:25,0
DA:26,0
DA:27,0
LF:20
LH:0
BRF:0
BRH:0
end_of_record
TN:
SF:packages/server-renderer/src/render.ts
FN:56,createBuffer
FN:60,(anonymous_1)
FN:64,(anonymous_2)
FN:81,renderComponentVNode
FN:96,(anonymous_4)
FN:97,(anonymous_5)
FN:100,(anonymous_6)
FN:102,(anonymous_7)
FN:108,renderComponentSubTree
FN:196,renderVNode
FN:248,renderVNodeChildren
FN:259,renderElementVNode
FN:325,applySSRDirectives
FN:344,renderTeleportVNode
FN:364,(anonymous_14)
FNF:15
FNH:0
FNDA:0,createBuffer
FNDA:0,(anonymous_1)
FNDA:0,(anonymous_2)
FNDA:0,renderComponentVNode
FNDA:0,(anonymous_4)
FNDA:0,(anonymous_5)
FNDA:0,(anonymous_6)
FNDA:0,(anonymous_7)
FNDA:0,renderComponentSubTree
FNDA:0,renderVNode
FNDA:0,renderVNodeChildren
FNDA:0,renderElementVNode
FNDA:0,applySSRDirectives
FNDA:0,renderTeleportVNode
FNDA:0,(anonymous_14)
DA:1,0
DA:16,0
DA:27,0
DA:28,0
DA:29,0
DA:37,0
DA:56,0
DA:57,0
DA:58,0
DA:59,0
DA:62,0
DA:65,0
DA:66,0
DA:67,0
DA:69,0
DA:71,0
DA:72,0
DA:75,0
DA:81,0
DA:86,0
DA:87,0
DA:88,0
DA:89,0
DA:90,0
DA:91,0
DA:94,0
DA:95,0
DA:97,0
DA:102,0
DA:104,0
DA:112,0
DA:113,0
DA:114,0
DA:115,0
DA:122,0
DA:128,0
DA:131,0
DA:132,0
DA:135,0
DA:136,0
DA:138,0
DA:139,0
DA:140,0
DA:141,0
DA:142,0
DA:143,0
DA:144,0
DA:146,0
DA:148,0
DA:149,0
DA:152,0
DA:154,0
DA:158,0
DA:159,0
DA:160,0
DA:164,0
DA:165,0
DA:176,0
DA:177,0
DA:178,0
DA:185,0
DA:190,0
DA:193,0
DA:196,0
DA:202,0
DA:203,0
DA:205,0
DA:206,0
DA:208,0
DA:211,0
DA:213,0
DA:214,0
DA:216,0
DA:217,0
DA:220,0
DA:221,0
DA:227,0
DA:228,0
DA:230,0
DA:231,0
DA:232,0
DA:233,0
DA:234,0
DA:235,0
DA:236,0
DA:237,0
DA:239,0
DA:248,0
DA:254,0
DA:255,0
DA:265,0
DA:266,0
DA:267,0
DA:269,0
DA:270,0
DA:273,0
DA:274,0
DA:277,0
DA:278,0
DA:281,0
DA:282,0
DA:283,0
DA:284,0
DA:285,0
DA:286,0
DA:288,0
DA:290,0
DA:291,0
DA:294,0
DA:295,0
DA:296,0
DA:297,0
DA:298,0
DA:299,0
DA:300,0
DA:301,0
DA:302,0
DA:303,0
DA:304,0
DA:305,0
DA:306,0
DA:309,0
DA:310,0
DA:311,0
DA:312,0
DA:313,0
DA:321,0
DA:330,0
DA:331,0
DA:332,0
DA:335,0
DA:336,0
DA:337,0
DA:338,0
DA:341,0
DA:350,0
DA:351,0
DA:352,0
DA:353,0
DA:354,0
DA:356,0
DA:357,0
DA:360,0
DA:362,0
DA:365,0
LF:145
LH:0
BRDA:66,0,0,0
BRDA:66,0,1,0
BRDA:66,1,0,0
BRDA:66,1,1,0
BRDA:72,2,0,0
BRDA:72,2,1,0
BRDA:72,3,0,0
BRDA:72,3,1,0
BRDA:72,3,2,0
BRDA:83,4,0,0
BRDA:90,5,0,0
BRDA:90,5,1,0
BRDA:90,6,0,0
BRDA:90,6,1,0
BRDA:92,7,0,0
BRDA:92,7,1,0
BRDA:94,8,0,0
BRDA:94,8,1,0
BRDA:114,9,0,0
BRDA:114,9,1,0
BRDA:122,10,0,0
BRDA:122,10,1,0
BRDA:123,11,0,0
BRDA:123,11,1,0
BRDA:123,11,2,0
BRDA:123,11,3,0
BRDA:123,11,4,0
BRDA:131,12,0,0
BRDA:131,12,1,0
BRDA:132,13,0,0
BRDA:132,13,1,0
BRDA:135,14,0,0
BRDA:135,14,1,0
BRDA:141,15,0,0
BRDA:141,15,1,0
BRDA:142,16,0,0
BRDA:142,16,1,0
BRDA:149,17,0,0
BRDA:149,17,1,0
BRDA:149,18,0,0
BRDA:149,18,1,0
BRDA:149,18,2,0
BRDA:158,19,0,0
BRDA:158,19,1,0
BRDA:159,20,0,0
BRDA:159,20,1,0
BRDA:177,21,0,0
BRDA:177,21,1,0
BRDA:177,22,0,0
BRDA:177,22,1,0
BRDA:187,23,0,0
BRDA:187,23,1,0
BRDA:204,24,0,0
BRDA:204,24,1,0
BRDA:204,24,2,0
BRDA:204,24,3,0
BRDA:204,24,4,0
BRDA:209,25,0,0
BRDA:209,25,1,0
BRDA:216,26,0,0
BRDA:216,26,1,0
BRDA:218,27,0,0
BRDA:218,27,1,0
BRDA:230,28,0,0
BRDA:230,28,1,0
BRDA:232,29,0,0
BRDA:232,29,1,0
BRDA:234,30,0,0
BRDA:234,30,1,0
BRDA:236,31,0,0
BRDA:236,31,1,0
BRDA:269,32,0,0
BRDA:269,32,1,0
BRDA:273,33,0,0
BRDA:273,33,1,0
BRDA:277,34,0,0
BRDA:277,34,1,0
BRDA:283,35,0,0
BRDA:283,35,1,0
BRDA:285,36,0,0
BRDA:285,36,1,0
BRDA:290,37,0,0
BRDA:290,37,1,0
BRDA:295,38,0,0
BRDA:295,38,1,0
BRDA:297,39,0,0
BRDA:297,39,1,0
BRDA:298,40,0,0
BRDA:298,40,1,0
BRDA:301,41,0,0
BRDA:301,41,1,0
BRDA:304,42,0,0
BRDA:304,42,1,0
BRDA:304,43,0,0
BRDA:304,43,1,0
BRDA:309,44,0,0
BRDA:309,44,1,0
BRDA:310,45,0,0
BRDA:310,45,1,0
BRDA:312,46,0,0
BRDA:312,46,1,0
BRDA:336,47,0,0
BRDA:336,47,1,0
BRDA:338,48,0,0
BRDA:338,48,1,0
BRDA:341,49,0,0
BRDA:341,49,1,0
BRDA:350,50,0,0
BRDA:350,50,1,0
BRDA:351,51,0,0
BRDA:351,51,1,0
BRDA:352,52,0,0
BRDA:352,52,1,0
BRDA:356,53,0,0
BRDA:356,53,1,0
BRDA:373,54,0,0
BRDA:373,54,1,0
BRF:117
BRH:0
end_of_record
TN:
SF:packages/server-renderer/src/renderToStream.ts
FN:15,unrollBuffer
FN:38,unrollBufferSync
FN:50,renderToStream
FN:56,(anonymous_3)
FN:68,(anonymous_4)
FN:69,(anonymous_5)
FN:72,(anonymous_6)
FNF:7
FNH:0
FNDA:0,unrollBuffer
FNDA:0,unrollBufferSync
FNDA:0,renderToStream
FNDA:0,(anonymous_3)
FNDA:0,(anonymous_4)
FNDA:0,(anonymous_5)
FNDA:0,(anonymous_6)
DA:1,0
DA:9,0
DA:10,0
DA:11,0
DA:13,0
DA:19,0
DA:20,0
DA:21,0
DA:22,0
DA:23,0
DA:25,0
DA:26,0
DA:28,0
DA:34,0
DA:39,0
DA:40,0
DA:41,0
DA:42,0
DA:45,0
DA:50,0
DA:54,0
DA:56,0
DA:60,0
DA:61,0
DA:63,0
DA:65,0
DA:67,0
DA:68,0
DA:70,0
DA:73,0
DA:76,0
LF:31
LH:0
BRDA:19,0,0,0
BRDA:19,0,1,0
BRDA:22,1,0,0
BRDA:22,1,1,0
BRDA:25,2,0,0
BRDA:25,2,1,0
BRDA:41,3,0,0
BRDA:41,3,1,0
BRDA:52,4,0,0
BRDA:54,5,0,0
BRDA:54,5,1,0
BRF:11
BRH:0
end_of_record
TN:
SF:packages/server-renderer/src/renderToString.ts
FN:14,unrollBuffer
FN:36,unrollBufferSync
FN:50,renderToString
FN:56,(anonymous_3)
FN:71,resolveTeleports
FNF:5
FNH:0
FNDA:0,unrollBuffer
FNDA:0,unrollBufferSync
FNDA:0,renderToString
FNDA:0,(anonymous_3)
FNDA:0,resolveTeleports
DA:1,0
DA:9,0
DA:10,0
DA:12,0
DA:15,0
DA:16,0
DA:17,0
DA:18,0
DA:19,0
DA:20,0
DA:22,0
DA:23,0
DA:25,0
DA:28,0
DA:32,0
DA:37,0
DA:38,0
DA:39,0
DA:40,0
DA:41,0
DA:44,0
DA:47,0
DA:50,0
DA:54,0
DA:56,0
DA:60,0
DA:61,0
DA:63,0
DA:64,0
DA:66,0
DA:68,0
DA:72,0
DA:73,0
DA:74,0
DA:77,0
LF:35
LH:0
BRDA:15,0,0,0
BRDA:15,0,1,0
BRDA:19,1,0,0
BRDA:19,1,1,0
BRDA:22,2,0,0
BRDA:22,2,1,0
BRDA:40,3,0,0
BRDA:40,3,1,0
BRDA:52,4,0,0
BRDA:54,5,0,0
BRDA:54,5,1,0
BRDA:72,6,0,0
BRDA:72,6,1,0
BRDA:73,7,0,0
BRDA:73,7,1,0
BRF:15
BRH:0
end_of_record
TN:
SF:packages/server-renderer/src/helpers/ssrCompile.ts
FN:15,ssrCompile
FN:27,(anonymous_1)
FNF:2
FNH:0
FNDA:0,ssrCompile
FNDA:0,(anonymous_1)
DA:1,0
DA:2,0
DA:3,0
DA:13,0
DA:15,0
DA:19,0
DA:20,0
DA:21,0
DA:24,0
DA:28,0
DA:29,0
DA:33,0
DA:39,0
DA:41,0
DA:45,0
LF:15
LH:0
BRDA:20,0,0,0
BRDA:20,0,1,0
BRDA:25,1,0,0
BRDA:25,1,1,0
BRDA:26,2,0,0
BRDA:26,2,1,0
BRDA:28,3,0,0
BRDA:28,3,1,0
BRDA:33,4,0,0
BRDA:33,4,1,0
BRDA:39,5,0,0
BRDA:39,5,1,0
BRF:12
BRH:0
end_of_record
TN:
SF:packages/server-renderer/src/helpers/ssrInterpolate.ts
FN:3,ssrInterpolate
FNF:1
FNH:1
FNDA:5,ssrInterpolate
DA:1,1
DA:3,1
DA:4,5
LF:3
LH:3
BRF:0
BRH:0
end_of_record
TN:
SF:packages/server-renderer/src/helpers/ssrRenderAttrs.ts
FN:16,ssrRenderAttrs
FN:42,ssrRenderDynamicAttr
FN:68,ssrRenderAttr
FN:75,isRenderableValue
FN:83,ssrRenderClass
FN:87,ssrRenderStyle
FNF:6
FNH:6
FNDA:11,ssrRenderAttrs
FNDA:15,ssrRenderDynamicAttr
FNDA:7,ssrRenderAttr
FNDA:22,isRenderableValue
FNDA:6,ssrRenderClass
FNDA:7,ssrRenderStyle
DA:1,2
DA:2,2
DA:14,2
DA:16,2
DA:20,11
DA:21,11
DA:22,20
DA:27,3
DA:29,17
DA:30,17
DA:31,1
DA:32,16
DA:33,1
DA:35,15
DA:38,11
DA:42,2
DA:47,15
DA:48,5
DA:51,10
DA:54,10
DA:55,3
DA:56,7
DA:57,7
DA:59,0
DA:62,0
DA:68,2
DA:69,7
DA:70,2
DA:72,5
DA:76,22
DA:77,4
DA:79,18
DA:80,18
DA:83,2
DA:84,6
DA:87,2
DA:88,7
DA:89,0
DA:91,7
DA:92,2
DA:94,5
DA:95,5
LF:42
LH:39
BRDA:22,0,0,3
BRDA:22,0,1,17
BRDA:23,1,0,20
BRDA:23,1,1,18
BRDA:23,1,2,17
BRDA:23,1,3,0
BRDA:30,2,0,1
BRDA:30,2,1,16
BRDA:32,3,0,1
BRDA:32,3,1,15
BRDA:47,4,0,5
BRDA:47,4,1,10
BRDA:52,5,0,1
BRDA:52,5,1,9
BRDA:51,6,0,10
BRDA:51,6,1,1
BRDA:53,7,0,9
BRDA:53,7,1,8
BRDA:54,8,0,3
BRDA:54,8,1,7
BRDA:55,9,0,1
BRDA:55,9,1,2
BRDA:56,10,0,7
BRDA:56,10,1,0
BRDA:57,11,0,1
BRDA:57,11,1,6
BRDA:69,12,0,2
BRDA:69,12,1,5
BRDA:76,13,0,4
BRDA:76,13,1,18
BRDA:80,14,0,18
BRDA:80,14,1,7
BRDA:80,14,2,7
BRDA:88,15,0,0
BRDA:88,15,1,7
BRDA:91,16,0,2
BRDA:91,16,1,5
BRF:37
BRH:34
end_of_record
TN:
SF:packages/server-renderer/src/helpers/ssrRenderComponent.ts
FN:5,ssrRenderComponent
FNF:1
FNH:0
FNDA:0,ssrRenderComponent
DA:1,0
DA:2,0
DA:5,0
DA:12,0
LF:4
LH:0
BRDA:7,0,0,0
BRDA:8,1,0,0
BRDA:9,2,0,0
BRF:3
BRH:0
end_of_record
TN:
SF:packages/server-renderer/src/helpers/ssrRenderList.ts
FN:4,ssrRenderList
FNF:1
FNH:0
FNDA:0,ssrRenderList
DA:1,0
DA:2,0
DA:4,0
DA:8,0
DA:9,0
DA:10,0
DA:12,0
DA:13,0
DA:14,0
DA:15,0
DA:17,0
DA:18,0
DA:20,0
DA:21,0
DA:22,0
DA:23,0
DA:24,0
DA:27,0
DA:28,0
DA:29,0
DA:30,0
LF:21
LH:0
BRDA:8,0,0,0
BRDA:8,0,1,0
BRDA:8,1,0,0
BRDA:8,1,1,0
BRDA:12,2,0,0
BRDA:12,2,1,0
BRDA:13,3,0,0
BRDA:13,3,1,0
BRDA:13,4,0,0
BRDA:13,4,1,0
BRDA:20,5,0,0
BRDA:20,5,1,0
BRDA:21,6,0,0
BRDA:21,6,1,0
BRF:14
BRH:0
end_of_record
TN:
SF:packages/server-renderer/src/helpers/ssrRenderSlot.ts
FN:13,ssrRenderSlot
FN:27,(anonymous_1)
FN:66,isComment
FNF:3
FNH:0
FNDA:0,ssrRenderSlot
FNDA:0,(anonymous_1)
FNDA:0,isComment
DA:2,0
DA:3,0
DA:13,0
DA:23,0
DA:24,0
DA:25,0
DA:26,0
DA:27,0
DA:28,0
DA:30,0
DA:36,0
DA:38,0
DA:42,0
DA:43,0
DA:44,0
DA:45,0
DA:46,0
DA:49,0
DA:50,0
DA:51,0
DA:54,0
DA:55,0
DA:59,0
DA:60,0
DA:62,0
DA:65,0
DA:67,0
LF:27
LH:0
BRDA:25,0,0,0
BRDA:25,0,1,0
BRDA:34,1,0,0
BRDA:34,1,1,0
BRDA:36,2,0,0
BRDA:36,2,1,0
BRDA:44,3,0,0
BRDA:44,3,1,0
BRDA:49,4,0,0
BRDA:49,4,1,0
BRDA:50,5,0,0
BRDA:50,5,1,0
BRDA:59,6,0,0
BRDA:59,6,1,0
BRDA:67,7,0,0
BRDA:67,7,1,0
BRF:16
BRH:0
end_of_record
TN:
SF:packages/server-renderer/src/helpers/ssrRenderSuspense.ts
FN:3,ssrRenderSuspense
FNF:1
FNH:0
FNDA:0,ssrRenderSuspense
DA:3,0
DA:7,0
DA:8,0
DA:10,0
LF:4
LH:0
BRDA:7,0,0,0
BRDA:7,0,1,0
BRF:2
BRH:0
end_of_record
TN:
SF:packages/server-renderer/src/helpers/ssrRenderTeleport.ts
FN:4,ssrRenderTeleport
FNF:1
FNH:0
FNDA:0,ssrRenderTeleport
DA:1,0
DA:2,0
DA:4,0
DA:11,0
DA:15,0
DA:16,0
DA:17,0
DA:19,0
DA:20,0
DA:21,0
DA:22,0
DA:25,0
DA:29,0
DA:30,0
DA:31,0
DA:33,0
DA:36,0
LF:17
LH:0
BRDA:15,0,0,0
BRDA:15,0,1,0
BRDA:29,1,0,0
BRDA:29,1,1,0
BRDA:30,2,0,0
BRDA:30,2,1,0
BRF:6
BRH:0
end_of_record
TN:
SF:packages/server-renderer/src/helpers/ssrVModelHelpers.ts
FN:6,ssrLooseContain
FN:11,ssrRenderDynamicModel
FN:32,ssrGetDynamicModelProps
FNF:3
FNH:3
FNDA:6,ssrLooseContain
FNDA:11,ssrRenderDynamicModel
FNDA:11,ssrGetDynamicModelProps
DA:1,1
DA:2,1
DA:4,1
DA:6,1
DA:7,6
DA:11,1
DA:16,11
DA:18,3
DA:20,5
DA:27,3
DA:32,1
DA:36,11
DA:37,11
DA:39,3
DA:41,5
DA:48,3
LF:16
LH:16
BRDA:17,0,0,3
BRDA:17,0,1,5
BRDA:17,0,2,3
BRDA:18,1,0,2
BRDA:18,1,1,1
BRDA:23,2,0,3
BRDA:23,2,1,2
BRDA:21,3,0,3
BRDA:21,3,1,2
BRDA:33,4,0,0
BRDA:38,5,0,3
BRDA:38,5,1,5
BRDA:38,5,2,3
BRDA:39,6,0,2
BRDA:39,6,1,1
BRDA:44,7,0,3
BRDA:44,7,1,2
BRDA:42,8,0,3
BRDA:42,8,1,2
BRF:19
BRH:18
end_of_record
TN:
SF:packages/shared/src/codeframe.ts
FN:3,generateCodeFrame
FNF:1
FNH:1
FNDA:4,generateCodeFrame
DA:1,54
DA:3,54
DA:8,4
DA:9,4
DA:10,4
DA:11,4
DA:12,13
DA:13,13
DA:14,4
DA:15,21
DA:16,17
DA:17,17
DA:22,17
DA:23,17
DA:25,4
DA:26,4
DA:30,4
DA:31,13
DA:32,8
DA:33,3
DA:34,3
DA:36,8
DA:39,4
DA:42,4
LF:24
LH:24
BRDA:5,0,0,0
BRDA:6,1,0,0
BRDA:13,2,0,4
BRDA:13,2,1,9
BRDA:14,3,0,25
BRDA:14,3,1,5
BRDA:15,4,0,4
BRDA:15,4,1,17
BRDA:15,5,0,21
BRDA:15,5,1,18
BRDA:23,6,0,4
BRDA:23,6,1,13
BRDA:28,7,0,1
BRDA:28,7,1,3
BRDA:31,8,0,8
BRDA:31,8,1,5
BRDA:32,9,0,3
BRDA:32,9,1,5
BRF:18
BRH:16
end_of_record
TN:
SF:packages/shared/src/domAttrConfig.ts
FN:30,isSSRSafeAttrName
FNF:1
FNH:1
FNDA:14,isSSRSafeAttrName
DA:1,53
DA:14,53
DA:15,53
DA:20,53
DA:27,53
DA:28,53
DA:30,53
DA:31,14
DA:32,5
DA:34,9
DA:35,9
DA:36,0
DA:38,9
DA:41,53
DA:51,53
DA:69,53
LF:16
LH:15
BRDA:31,0,0,5
BRDA:31,0,1,9
BRDA:35,1,0,0
BRDA:35,1,1,9
BRF:4
BRH:3
end_of_record
TN:
SF:packages/shared/src/domTagConfig.ts
FNF:0
FNH:0
DA:3,53
DA:7,53
DA:19,53
DA:31,53
DA:33,53
DA:34,53
DA:35,53
LF:7
LH:7
BRF:0
BRH:0
end_of_record
TN:
SF:packages/shared/src/escapeHtml.ts
FN:3,escapeHtml
FN:50,escapeHtmlComment
FNF:2
FNH:1
FNDA:130,escapeHtml
FNDA:0,escapeHtmlComment
DA:1,53
DA:3,53
DA:4,130
DA:5,130
DA:7,130
DA:8,100
DA:11,30
DA:14,30
DA:15,30
DA:16,165
DA:18,18
DA:19,18
DA:21,7
DA:22,7
DA:24,2
DA:25,2
DA:27,16
DA:28,16
DA:30,17
DA:31,17
DA:33,105
DA:36,60
DA:37,32
DA:40,60
DA:41,60
DA:44,30
DA:48,53
DA:50,53
DA:51,0
LF:29
LH:28
BRDA:7,0,0,100
BRDA:7,0,1,30
BRDA:17,1,0,18
BRDA:17,1,1,7
BRDA:17,1,2,2
BRDA:17,1,3,16
BRDA:17,1,4,17
BRDA:17,1,5,105
BRDA:36,2,0,32
BRDA:36,2,1,28
BRDA:44,3,0,13
BRDA:44,3,1,17
BRF:12
BRH:12
end_of_record
TN:
SF:packages/shared/src/globalsWhitelist.ts
FNF:0
FNH:0
DA:1,53
DA:4,53
DA:8,53
LF:3
LH:3
BRF:0
BRH:0
end_of_record
TN:
SF:packages/shared/src/index.ts
FN:3,(anonymous_4)
FN:33,(anonymous_5)
FN:38,(anonymous_6)
FN:41,(anonymous_7)
FN:43,(anonymous_8)
FN:47,(anonymous_9)
FN:55,(anonymous_10)
FN:61,(anonymous_11)
FN:63,(anonymous_12)
FN:66,(anonymous_13)
FN:67,(anonymous_14)
FN:69,(anonymous_15)
FN:70,(anonymous_16)
FN:71,(anonymous_17)
FN:74,(anonymous_18)
FN:79,(anonymous_19)
FN:82,(anonymous_20)
FN:87,(anonymous_21)
FN:90,(anonymous_22)
FN:104,(anonymous_23)
FN:106,(anonymous_24)
FN:117,(anonymous_25)
FN:118,(anonymous_26)
FN:126,(anonymous_27)
FN:134,(anonymous_28)
FN:141,(anonymous_29)
FN:145,(anonymous_30)
FN:148,(anonymous_31)
FN:154,(anonymous_32)
FN:162,(anonymous_33)
FN:168,(anonymous_34)
FNF:31
FNH:20
FNDA:188,(anonymous_4)
FNDA:63,(anonymous_5)
FNDA:2833,(anonymous_6)
FNDA:214,(anonymous_7)
FNDA:0,(anonymous_8)
FNDA:0,(anonymous_9)
FNDA:270,(anonymous_10)
FNDA:50,(anonymous_11)
FNDA:46,(anonymous_12)
FNDA:166,(anonymous_13)
FNDA:0,(anonymous_14)
FNDA:12512,(anonymous_15)
FNDA:3654,(anonymous_16)
FNDA:2703,(anonymous_17)
FNDA:0,(anonymous_18)
FNDA:113,(anonymous_19)
FNDA:0,(anonymous_20)
FNDA:17,(anonymous_21)
FNDA:0,(anonymous_22)
FNDA:212,(anonymous_23)
FNDA:3919,(anonymous_24)
FNDA:46,(anonymous_25)
FNDA:4,(anonymous_26)
FNDA:147,(anonymous_27)
FNDA:42,(anonymous_28)
FNDA:10,(anonymous_29)
FNDA:0,(anonymous_30)
FNDA:0,(anonymous_31)
FNDA:0,(anonymous_32)
FNDA:0,(anonymous_33)
FNDA:0,(anonymous_34)
DA:1,53
DA:3,241
DA:4,53
DA:5,53
DA:6,53
DA:7,53
DA:8,53
DA:9,53
DA:10,53
DA:11,53
DA:12,53
DA:13,53
DA:14,53
DA:22,53
DA:28,53
DA:31,53
DA:33,53
DA:38,2833
DA:40,53
DA:41,214
DA:43,53
DA:45,53
DA:47,53
DA:48,0
DA:49,0
DA:50,0
DA:54,53
DA:55,53
DA:58,270
DA:60,53
DA:61,53
DA:62,50
DA:63,53
DA:64,46
DA:66,166
DA:67,53
DA:68,0
DA:69,12512
DA:70,3654
DA:71,53
DA:72,2703
DA:74,53
DA:75,0
DA:78,53
DA:79,53
DA:80,113
DA:82,53
DA:84,0
DA:87,53
DA:88,17
DA:90,53
DA:91,0
DA:96,53
DA:104,53
DA:105,212
DA:106,212
DA:107,3919
DA:108,3919
DA:112,53
DA:116,53
DA:118,46
DA:122,53
DA:126,53
DA:127,147
DA:133,53
DA:134,42
DA:140,53
DA:141,10
DA:145,53
DA:146,0
DA:148,53
DA:149,0
DA:150,0
DA:154,53
DA:155,0
DA:162,53
DA:163,0
DA:164,0
DA:168,53
DA:169,0
LF:80
LH:66
BRDA:29,0,0,53
BRDA:29,0,1,0
BRDA:31,1,0,53
BRDA:31,1,1,0
BRDA:49,2,0,0
BRDA:49,2,1,0
BRDA:72,3,0,2703
BRDA:72,3,1,2699
BRDA:75,4,0,0
BRDA:75,4,1,0
BRDA:75,4,2,0
BRDA:91,5,0,0
BRDA:91,5,1,0
BRDA:91,5,2,0
BRDA:91,5,3,0
BRDA:108,6,0,3919
BRDA:108,6,1,245
BRDA:118,7,0,4
BRDA:118,7,1,0
BRDA:141,8,0,10
BRDA:141,8,1,0
BRDA:146,9,0,0
BRDA:146,9,1,0
BRDA:146,9,2,0
BRDA:164,10,0,0
BRDA:164,10,1,0
BRDA:170,11,0,0
BRDA:170,11,1,0
BRDA:173,12,0,0
BRDA:173,12,1,0
BRDA:175,13,0,0
BRDA:175,13,1,0
BRDA:177,14,0,0
BRDA:177,14,1,0
BRDA:179,15,0,0
BRDA:179,15,1,0
BRF:36
BRH:8
end_of_record
TN:
SF:packages/shared/src/looseEqual.ts
FN:3,looseCompareArrays
FN:12,looseEqual
FN:51,looseIndexOf
FN:52,(anonymous_3)
FNF:4
FNH:4
FNDA:15,looseCompareArrays
FNDA:147,looseEqual
FNDA:6,looseIndexOf
FNDA:6,(anonymous_3)
DA:1,53
DA:4,15
DA:5,14
DA:6,14
DA:7,37
DA:9,14
DA:12,53
DA:13,147
DA:14,83
DA:15,83
DA:16,83
DA:17,10
DA:19,73
DA:20,73
DA:21,73
DA:22,21
DA:24,52
DA:25,52
DA:26,52
DA:28,18
DA:31,16
DA:32,16
DA:33,16
DA:34,2
DA:36,14
DA:37,23
DA:38,23
DA:39,23
DA:44,6
DA:48,42
DA:51,53
DA:52,6
LF:32
LH:32
BRDA:4,0,0,1
BRDA:4,0,1,14
BRDA:6,1,0,51
BRDA:6,1,1,44
BRDA:13,2,0,64
BRDA:13,2,1,83
BRDA:16,3,0,10
BRDA:16,3,1,73
BRDA:16,4,0,83
BRDA:16,4,1,79
BRDA:17,5,0,3
BRDA:17,5,1,7
BRDA:17,6,0,10
BRDA:17,6,1,4
BRDA:21,7,0,21
BRDA:21,7,1,52
BRDA:21,8,0,73
BRDA:21,8,1,55
BRDA:22,9,0,15
BRDA:22,9,1,6
BRDA:22,10,0,21
BRDA:22,10,1,18
BRDA:26,11,0,18
BRDA:26,11,1,34
BRDA:26,12,0,52
BRDA:26,12,1,35
BRDA:28,13,0,16
BRDA:28,14,0,18
BRDA:28,14,1,17
BRDA:33,15,0,2
BRDA:33,15,1,14
BRDA:39,16,0,6
BRDA:39,16,1,17
BRDA:40,17,0,23
BRDA:40,17,1,11
BRDA:40,17,2,23
BRDA:40,17,3,12
BRDA:40,17,4,23
BRF:38
BRH:38
end_of_record
TN:
SF:packages/shared/src/makeMap.ts
FN:8,makeMap
FN:17,(anonymous_1)
FN:17,(anonymous_2)
FNF:3
FNH:3
FNDA:665,makeMap
FNDA:307,(anonymous_1)
FNDA:2176,(anonymous_2)
DA:8,53
DA:12,665
DA:13,665
DA:14,665
DA:15,23684
DA:17,2176
LF:6
LH:6
BRDA:17,0,0,34
BRDA:17,0,1,631
BRF:2
BRH:2
end_of_record
TN:
SF:packages/shared/src/normalizeProp.ts
FN:6,normalizeStyle
FN:29,parseStringStyle
FN:31,(anonymous_2)
FN:40,stringifyStyle
FN:59,normalizeClass
FNF:5
FNH:5
FNDA:8,normalizeStyle
FNDA:9,parseStringStyle
FNDA:11,(anonymous_2)
FNDA:6,stringifyStyle
FNDA:40,normalizeClass
DA:1,53
DA:2,53
DA:6,53
DA:7,8
DA:8,1
DA:9,1
DA:10,2
DA:11,2
DA:14,2
DA:15,2
DA:16,2
DA:20,1
DA:21,7
DA:22,7
DA:26,53
DA:27,53
DA:29,53
DA:30,9
DA:31,9
DA:32,11
DA:33,9
DA:34,9
DA:37,9
DA:40,53
DA:41,6
DA:42,6
DA:43,0
DA:45,6
DA:46,8
DA:47,8
DA:48,8
DA:53,7
DA:56,6
DA:59,53
DA:60,40
DA:61,40
DA:62,15
DA:63,25
DA:64,9
DA:65,21
DA:66,21
DA:67,18
DA:70,16
DA:71,13
DA:72,17
DA:73,14
DA:77,40
LF:47
LH:46
BRDA:7,0,0,1
BRDA:7,0,1,7
BRDA:12,1,0,0
BRDA:12,1,1,2
BRDA:14,2,0,2
BRDA:14,2,1,0
BRDA:21,3,0,7
BRDA:21,3,1,0
BRDA:32,4,0,9
BRDA:32,4,1,2
BRDA:34,5,0,9
BRDA:34,5,1,9
BRDA:42,6,0,0
BRDA:42,6,1,6
BRDA:47,7,0,0
BRDA:47,7,1,8
BRDA:48,8,0,7
BRDA:48,8,1,1
BRDA:49,9,0,8
BRDA:49,9,1,2
BRDA:49,9,2,2
BRDA:61,10,0,15
BRDA:61,10,1,25
BRDA:63,11,0,9
BRDA:63,11,1,16
BRDA:66,12,0,18
BRDA:66,12,1,3
BRDA:70,13,0,13
BRDA:70,13,1,3
BRDA:72,14,0,14
BRDA:72,14,1,3
BRF:31
BRH:26
end_of_record
TN:
SF:packages/shared/src/patchFlags.ts
FNF:0
FNH:0
DA:125,53
LF:1
LH:1
BRF:0
BRH:0
end_of_record
TN:
SF:packages/shared/src/slotFlags.ts
FNF:0
FNH:0
DA:26,53
LF:1
LH:1
BRF:0
BRH:0
end_of_record
TN:
SF:packages/shared/src/toDisplayString.ts
FN:7,(anonymous_0)
FN:15,(anonymous_1)
FN:18,(anonymous_2)
FNF:3
FNH:3
FNDA:38,(anonymous_0)
FNDA:50,(anonymous_1)
FNDA:8,(anonymous_2)
DA:1,53
DA:7,53
DA:8,38
DA:15,53
DA:16,50
DA:17,4
DA:19,8
DA:20,8
DA:23,46
DA:24,2
DA:27,44
DA:28,2
DA:30,42
LF:13
LH:13
BRDA:9,0,0,2
BRDA:9,0,1,36
BRDA:11,1,0,9
BRDA:11,1,1,27
BRDA:16,2,0,4
BRDA:16,2,1,46
BRDA:23,3,0,2
BRDA:23,3,1,44
BRDA:27,4,0,2
BRDA:27,4,1,42
BRDA:27,5,0,44
BRDA:27,5,1,21
BRDA:27,5,2,17
BRF:13
BRH:13
end_of_record
TN:
SF:packages/vue/src/dev.ts
FN:3,initDev
FNF:1
FNH:0
FNDA:0,initDev
DA:1,0
DA:3,0
DA:4,0
DA:5,0
DA:6,0
DA:12,0
LF:6
LH:0
BRDA:4,0,0,0
BRDA:4,0,1,0
BRDA:5,1,0,0
BRDA:5,1,1,0
BRF:4
BRH:0
end_of_record
TN:
SF:packages/vue/src/index.ts
FN:16,compileToFunction
FN:53,(anonymous_8)
FN:59,onError
FNF:3
FNH:0
FNDA:0,compileToFunction
FNDA:0,(anonymous_8)
FNDA:0,onError
DA:3,0
DA:4,0
DA:5,0
DA:6,0
DA:7,0
DA:10,0
DA:11,0
DA:14,0
DA:20,0
DA:21,0
DA:22,0
DA:24,0
DA:25,0
DA:29,0
DA:30,0
DA:31,0
DA:32,0
DA:35,0
DA:36,0
DA:37,0
DA:38,0
DA:44,0
DA:47,0
DA:53,0
DA:60,0
DA:64,0
DA:70,0
DA:77,0
DA:82,0
DA:84,0
DA:87,0
DA:89,0
DA:90,0
LF:33
LH:0
BRDA:10,0,0,0
BRDA:10,0,1,0
BRDA:20,1,0,0
BRDA:20,1,1,0
BRDA:21,2,0,0
BRDA:21,2,1,0
BRDA:24,3,0,0
BRDA:24,3,1,0
BRDA:31,4,0,0
BRDA:31,4,1,0
BRDA:35,5,0,0
BRDA:35,5,1,0
BRDA:37,6,0,0
BRDA:37,6,1,0
BRDA:37,7,0,0
BRDA:37,7,1,0
BRDA:44,8,0,0
BRDA:44,8,1,0
BRDA:52,9,0,0
BRDA:52,9,1,0
BRDA:53,10,0,0
BRDA:53,10,1,0
BRDA:59,11,0,0
BRDA:61,12,0,0
BRDA:61,12,1,0
BRDA:64,13,0,0
BRDA:64,13,1,0
BRDA:70,14,0,0
BRDA:70,14,1,0
BRDA:78,15,0,0
BRDA:78,15,1,0
BRF:31
BRH:0
end_of_record
